{"/home/kaushik/Documents/October/UdemyClone/Backend/server.js":{"path":"/home/kaushik/Documents/October/UdemyClone/Backend/server.js","statementMap":{"0":{"start":{"line":1,"column":0},"end":{"line":1,"column":26}},"1":{"start":{"line":2,"column":16},"end":{"line":2,"column":34}},"2":{"start":{"line":3,"column":17},"end":{"line":3,"column":36}},"3":{"start":{"line":4,"column":13},"end":{"line":4,"column":28}},"4":{"start":{"line":5,"column":14},"end":{"line":5,"column":30}},"5":{"start":{"line":7,"column":23},"end":{"line":7,"column":51}},"6":{"start":{"line":8,"column":26},"end":{"line":8,"column":56}},"7":{"start":{"line":9,"column":22},"end":{"line":9,"column":49}},"8":{"start":{"line":10,"column":20},"end":{"line":10,"column":45}},"9":{"start":{"line":11,"column":15},"end":{"line":11,"column":63}},"10":{"start":{"line":12,"column":23},"end":{"line":12,"column":51}},"11":{"start":{"line":13,"column":12},"end":{"line":13,"column":21}},"12":{"start":{"line":14,"column":17},"end":{"line":14,"column":44}},"13":{"start":{"line":15,"column":16},"end":{"line":15,"column":43}},"14":{"start":{"line":17,"column":0},"end":{"line":19,"column":2}},"15":{"start":{"line":20,"column":11},"end":{"line":20,"column":30}},"16":{"start":{"line":21,"column":0},"end":{"line":21,"column":46}},"17":{"start":{"line":21,"column":26},"end":{"line":21,"column":44}},"18":{"start":{"line":22,"column":0},"end":{"line":22,"column":60}},"19":{"start":{"line":22,"column":22},"end":{"line":22,"column":58}},"20":{"start":{"line":25,"column":0},"end":{"line":73,"column":2}},"21":{"start":{"line":29,"column":20},"end":{"line":29,"column":55}},"22":{"start":{"line":33,"column":8},"end":{"line":40,"column":9}},"23":{"start":{"line":34,"column":12},"end":{"line":34,"column":86}},"24":{"start":{"line":38,"column":12},"end":{"line":38,"column":71}},"25":{"start":{"line":39,"column":12},"end":{"line":39,"column":19}},"26":{"start":{"line":42,"column":8},"end":{"line":69,"column":9}},"27":{"start":{"line":44,"column":47},"end":{"line":44,"column":64}},"28":{"start":{"line":45,"column":33},"end":{"line":45,"column":64}},"29":{"start":{"line":46,"column":34},"end":{"line":46,"column":52}},"30":{"start":{"line":47,"column":33},"end":{"line":47,"column":50}},"31":{"start":{"line":48,"column":16},"end":{"line":63,"column":53}},"32":{"start":{"line":49,"column":33},"end":{"line":49,"column":73}},"33":{"start":{"line":50,"column":20},"end":{"line":53,"column":21}},"34":{"start":{"line":51,"column":24},"end":{"line":51,"column":73}},"35":{"start":{"line":52,"column":24},"end":{"line":52,"column":44}},"36":{"start":{"line":55,"column":43},"end":{"line":59,"column":21}},"37":{"start":{"line":63,"column":32},"end":{"line":63,"column":51}},"38":{"start":{"line":64,"column":16},"end":{"line":64,"column":43}},"39":{"start":{"line":65,"column":16},"end":{"line":65,"column":22}},"40":{"start":{"line":68,"column":16},"end":{"line":68,"column":66}},"41":{"start":{"line":71,"column":8},"end":{"line":71,"column":24}},"42":{"start":{"line":75,"column":0},"end":{"line":75,"column":23}},"43":{"start":{"line":76,"column":0},"end":{"line":76,"column":15}},"44":{"start":{"line":77,"column":0},"end":{"line":77,"column":36}},"45":{"start":{"line":78,"column":0},"end":{"line":78,"column":42}},"46":{"start":{"line":79,"column":0},"end":{"line":79,"column":34}},"47":{"start":{"line":80,"column":0},"end":{"line":80,"column":30}},"48":{"start":{"line":81,"column":0},"end":{"line":81,"column":52}},"49":{"start":{"line":82,"column":0},"end":{"line":82,"column":50}},"50":{"start":{"line":84,"column":0},"end":{"line":84,"column":21}}},"fnMap":{"0":{"name":"(anonymous_0)","decl":{"start":{"line":21,"column":15},"end":{"line":21,"column":16}},"loc":{"start":{"line":21,"column":26},"end":{"line":21,"column":44}},"line":21},"1":{"name":"(anonymous_1)","decl":{"start":{"line":22,"column":16},"end":{"line":22,"column":17}},"loc":{"start":{"line":22,"column":22},"end":{"line":22,"column":58}},"line":22},"2":{"name":"(anonymous_2)","decl":{"start":{"line":28,"column":4},"end":{"line":28,"column":5}},"loc":{"start":{"line":28,"column":33},"end":{"line":72,"column":5}},"line":28}},"branchMap":{"0":{"loc":{"start":{"line":42,"column":8},"end":{"line":69,"column":9}},"type":"switch","locations":[{"start":{"line":43,"column":12},"end":{"line":65,"column":22}},{"start":{"line":67,"column":12},"end":{"line":68,"column":66}}],"line":42},"1":{"loc":{"start":{"line":50,"column":20},"end":{"line":53,"column":21}},"type":"if","locations":[{"start":{"line":50,"column":20},"end":{"line":53,"column":21}},{"start":{"line":50,"column":20},"end":{"line":53,"column":21}}],"line":50}},"s":{"0":1,"1":1,"2":1,"3":1,"4":1,"5":1,"6":1,"7":1,"8":1,"9":1,"10":1,"11":1,"12":1,"13":1,"14":1,"15":1,"16":1,"17":0,"18":1,"19":1,"20":1,"21":0,"22":0,"23":0,"24":0,"25":0,"26":0,"27":0,"28":0,"29":0,"30":0,"31":0,"32":0,"33":0,"34":0,"35":0,"36":0,"37":0,"38":0,"39":0,"40":0,"41":0,"42":1,"43":1,"44":1,"45":1,"46":1,"47":1,"48":1,"49":1,"50":1},"f":{"0":0,"1":1,"2":0},"b":{"0":[0,0],"1":[0,0]},"_coverageSchema":"1a1c01bbd47fc00a2c39e90264f33305004495a9","hash":"b3852b603745f689b1e725089bded035731df3c7","contentHash":"32c1f57e3bea39d85d782cc8b7bdfc9e831efee81dcff3c93c79930af54e5966"},"/home/kaushik/Documents/October/UdemyClone/Backend/routes/students.js":{"path":"/home/kaushik/Documents/October/UdemyClone/Backend/routes/students.js","statementMap":{"0":{"start":{"line":1,"column":16},"end":{"line":1,"column":34}},"1":{"start":{"line":2,"column":15},"end":{"line":2,"column":31}},"2":{"start":{"line":3,"column":16},"end":{"line":3,"column":44}},"3":{"start":{"line":4,"column":19},"end":{"line":4,"column":43}},"4":{"start":{"line":6,"column":15},"end":{"line":6,"column":64}},"5":{"start":{"line":7,"column":15},"end":{"line":7,"column":64}},"6":{"start":{"line":8,"column":15},"end":{"line":8,"column":67}},"7":{"start":{"line":9,"column":15},"end":{"line":9,"column":64}},"8":{"start":{"line":10,"column":15},"end":{"line":10,"column":64}},"9":{"start":{"line":11,"column":15},"end":{"line":11,"column":64}},"10":{"start":{"line":12,"column":14},"end":{"line":12,"column":62}},"11":{"start":{"line":15,"column":23},"end":{"line":15,"column":84}},"12":{"start":{"line":16,"column":22},"end":{"line":16,"column":82}},"13":{"start":{"line":18,"column":17},"end":{"line":18,"column":68}},"14":{"start":{"line":23,"column":0},"end":{"line":23,"column":34}},"15":{"start":{"line":26,"column":0},"end":{"line":26,"column":39}},"16":{"start":{"line":29,"column":0},"end":{"line":31,"column":22}},"17":{"start":{"line":30,"column":4},"end":{"line":30,"column":51}},"18":{"start":{"line":34,"column":0},"end":{"line":36,"column":23}},"19":{"start":{"line":35,"column":4},"end":{"line":35,"column":63}},"20":{"start":{"line":39,"column":0},"end":{"line":39,"column":42}},"21":{"start":{"line":42,"column":0},"end":{"line":42,"column":35}},"22":{"start":{"line":45,"column":0},"end":{"line":47,"column":22}},"23":{"start":{"line":46,"column":4},"end":{"line":46,"column":63}},"24":{"start":{"line":50,"column":0},"end":{"line":52,"column":22}},"25":{"start":{"line":51,"column":4},"end":{"line":51,"column":63}},"26":{"start":{"line":56,"column":0},"end":{"line":56,"column":63}},"27":{"start":{"line":59,"column":0},"end":{"line":59,"column":62}},"28":{"start":{"line":66,"column":0},"end":{"line":66,"column":23}}},"fnMap":{"0":{"name":"(anonymous_0)","decl":{"start":{"line":29,"column":26},"end":{"line":29,"column":27}},"loc":{"start":{"line":29,"column":46},"end":{"line":31,"column":1}},"line":29},"1":{"name":"(anonymous_1)","decl":{"start":{"line":34,"column":29},"end":{"line":34,"column":30}},"loc":{"start":{"line":34,"column":49},"end":{"line":36,"column":1}},"line":34},"2":{"name":"(anonymous_2)","decl":{"start":{"line":45,"column":60},"end":{"line":45,"column":61}},"loc":{"start":{"line":45,"column":80},"end":{"line":47,"column":1}},"line":45},"3":{"name":"(anonymous_3)","decl":{"start":{"line":50,"column":22},"end":{"line":50,"column":23}},"loc":{"start":{"line":50,"column":42},"end":{"line":52,"column":1}},"line":50}},"branchMap":{},"s":{"0":1,"1":1,"2":1,"3":1,"4":1,"5":1,"6":1,"7":1,"8":1,"9":1,"10":1,"11":1,"12":1,"13":1,"14":1,"15":1,"16":1,"17":2,"18":1,"19":1,"20":1,"21":1,"22":1,"23":1,"24":1,"25":1,"26":1,"27":1,"28":1},"f":{"0":2,"1":1,"2":1,"3":1},"b":{},"_coverageSchema":"1a1c01bbd47fc00a2c39e90264f33305004495a9","hash":"943abac3550d4320417859f5838aebcc211720b5","contentHash":"de4c7f39914d290741ccc7f556b069a0dbbefee8a2a6ae1a1af869383c88bcf3"},"/home/kaushik/Documents/October/UdemyClone/Backend/models/student.js":{"path":"/home/kaushik/Documents/October/UdemyClone/Backend/models/student.js","statementMap":{"0":{"start":{"line":1,"column":17},"end":{"line":1,"column":36}},"1":{"start":{"line":2,"column":15},"end":{"line":2,"column":32}},"2":{"start":{"line":3,"column":15},"end":{"line":3,"column":40}},"3":{"start":{"line":5,"column":22},"end":{"line":78,"column":2}},"4":{"start":{"line":16,"column":16},"end":{"line":17,"column":24}},"5":{"start":{"line":24,"column":23},"end":{"line":24,"column":33}},"6":{"start":{"line":31,"column":16},"end":{"line":32,"column":24}},"7":{"start":{"line":81,"column":0},"end":{"line":94,"column":3}},"8":{"start":{"line":82,"column":20},"end":{"line":82,"column":24}},"9":{"start":{"line":83,"column":4},"end":{"line":93,"column":5}},"10":{"start":{"line":84,"column":8},"end":{"line":90,"column":9}},"11":{"start":{"line":85,"column":25},"end":{"line":85,"column":64}},"12":{"start":{"line":86,"column":12},"end":{"line":86,"column":73}},"13":{"start":{"line":87,"column":12},"end":{"line":87,"column":19}},"14":{"start":{"line":89,"column":12},"end":{"line":89,"column":22}},"15":{"start":{"line":92,"column":8},"end":{"line":92,"column":15}},"16":{"start":{"line":96,"column":0},"end":{"line":96,"column":57}}},"fnMap":{"0":{"name":"(anonymous_0)","decl":{"start":{"line":15,"column":23},"end":{"line":15,"column":24}},"loc":{"start":{"line":15,"column":36},"end":{"line":18,"column":13}},"line":15},"1":{"name":"(anonymous_1)","decl":{"start":{"line":24,"column":17},"end":{"line":24,"column":18}},"loc":{"start":{"line":24,"column":23},"end":{"line":24,"column":33}},"line":24},"2":{"name":"(anonymous_2)","decl":{"start":{"line":30,"column":23},"end":{"line":30,"column":24}},"loc":{"start":{"line":30,"column":36},"end":{"line":33,"column":13}},"line":30},"3":{"name":"(anonymous_3)","decl":{"start":{"line":81,"column":26},"end":{"line":81,"column":27}},"loc":{"start":{"line":81,"column":48},"end":{"line":94,"column":1}},"line":81}},"branchMap":{"0":{"loc":{"start":{"line":83,"column":4},"end":{"line":93,"column":5}},"type":"if","locations":[{"start":{"line":83,"column":4},"end":{"line":93,"column":5}},{"start":{"line":83,"column":4},"end":{"line":93,"column":5}}],"line":83}},"s":{"0":1,"1":1,"2":1,"3":1,"4":21,"5":22,"6":21,"7":1,"8":21,"9":21,"10":21,"11":21,"12":21,"13":21,"14":0,"15":0,"16":1},"f":{"0":21,"1":22,"2":21,"3":21},"b":{"0":[21,0]},"_coverageSchema":"1a1c01bbd47fc00a2c39e90264f33305004495a9","hash":"b0dc43d64452c90b82bdb4718e5c38a4741b0967","contentHash":"b0f2af3faa5168bc4eae314ebbd4f2a8caa419a0f9f17ecf6d7eec0e3d0f9432"},"/home/kaushik/Documents/October/UdemyClone/Backend/routes/middlewares.js":{"path":"/home/kaushik/Documents/October/UdemyClone/Backend/routes/middlewares.js","statementMap":{"0":{"start":{"line":1,"column":15},"end":{"line":1,"column":32}},"1":{"start":{"line":2,"column":13},"end":{"line":2,"column":28}},"2":{"start":{"line":5,"column":16},"end":{"line":14,"column":2}},"3":{"start":{"line":7,"column":4},"end":{"line":7,"column":31}},"4":{"start":{"line":10,"column":22},"end":{"line":10,"column":70}},"5":{"start":{"line":11,"column":18},"end":{"line":11,"column":47}},"6":{"start":{"line":12,"column":4},"end":{"line":12,"column":20}},"7":{"start":{"line":16,"column":15},"end":{"line":16,"column":43}},"8":{"start":{"line":19,"column":17},"end":{"line":28,"column":2}},"9":{"start":{"line":21,"column":4},"end":{"line":21,"column":31}},"10":{"start":{"line":24,"column":22},"end":{"line":24,"column":70}},"11":{"start":{"line":25,"column":18},"end":{"line":25,"column":47}},"12":{"start":{"line":26,"column":4},"end":{"line":26,"column":20}},"13":{"start":{"line":30,"column":16},"end":{"line":30,"column":45}},"14":{"start":{"line":33,"column":17},"end":{"line":42,"column":2}},"15":{"start":{"line":35,"column":4},"end":{"line":35,"column":29}},"16":{"start":{"line":38,"column":22},"end":{"line":38,"column":70}},"17":{"start":{"line":39,"column":18},"end":{"line":39,"column":47}},"18":{"start":{"line":40,"column":4},"end":{"line":40,"column":20}},"19":{"start":{"line":44,"column":16},"end":{"line":44,"column":45}},"20":{"start":{"line":49,"column":2},"end":{"line":59,"column":3}},"21":{"start":{"line":50,"column":17},"end":{"line":50,"column":52}},"22":{"start":{"line":51,"column":4},"end":{"line":53,"column":5}},"23":{"start":{"line":52,"column":6},"end":{"line":52,"column":73}},"24":{"start":{"line":54,"column":4},"end":{"line":54,"column":25}},"25":{"start":{"line":56,"column":4},"end":{"line":56,"column":11}},"26":{"start":{"line":58,"column":4},"end":{"line":58,"column":67}},"27":{"start":{"line":64,"column":2},"end":{"line":75,"column":3}},"28":{"start":{"line":65,"column":17},"end":{"line":65,"column":63}},"29":{"start":{"line":66,"column":4},"end":{"line":71,"column":5}},"30":{"start":{"line":67,"column":6},"end":{"line":67,"column":72}},"31":{"start":{"line":70,"column":6},"end":{"line":70,"column":12}},"32":{"start":{"line":74,"column":4},"end":{"line":74,"column":58}},"33":{"start":{"line":85,"column":0},"end":{"line":92,"column":1}}},"fnMap":{"0":{"name":"(anonymous_0)","decl":{"start":{"line":6,"column":15},"end":{"line":6,"column":16}},"loc":{"start":{"line":6,"column":34},"end":{"line":8,"column":3}},"line":6},"1":{"name":"(anonymous_1)","decl":{"start":{"line":9,"column":12},"end":{"line":9,"column":13}},"loc":{"start":{"line":9,"column":31},"end":{"line":13,"column":3}},"line":9},"2":{"name":"(anonymous_2)","decl":{"start":{"line":20,"column":15},"end":{"line":20,"column":16}},"loc":{"start":{"line":20,"column":34},"end":{"line":22,"column":3}},"line":20},"3":{"name":"(anonymous_3)","decl":{"start":{"line":23,"column":12},"end":{"line":23,"column":13}},"loc":{"start":{"line":23,"column":31},"end":{"line":27,"column":3}},"line":23},"4":{"name":"(anonymous_4)","decl":{"start":{"line":34,"column":15},"end":{"line":34,"column":16}},"loc":{"start":{"line":34,"column":34},"end":{"line":36,"column":3}},"line":34},"5":{"name":"(anonymous_5)","decl":{"start":{"line":37,"column":12},"end":{"line":37,"column":13}},"loc":{"start":{"line":37,"column":31},"end":{"line":41,"column":3}},"line":37},"6":{"name":"getItemById","decl":{"start":{"line":48,"column":15},"end":{"line":48,"column":26}},"loc":{"start":{"line":48,"column":60},"end":{"line":60,"column":1}},"line":48},"7":{"name":"checkEmail","decl":{"start":{"line":63,"column":15},"end":{"line":63,"column":25}},"loc":{"start":{"line":63,"column":49},"end":{"line":76,"column":1}},"line":63}},"branchMap":{"0":{"loc":{"start":{"line":51,"column":4},"end":{"line":53,"column":5}},"type":"if","locations":[{"start":{"line":51,"column":4},"end":{"line":53,"column":5}},{"start":{"line":51,"column":4},"end":{"line":53,"column":5}}],"line":51},"1":{"loc":{"start":{"line":66,"column":4},"end":{"line":71,"column":5}},"type":"if","locations":[{"start":{"line":66,"column":4},"end":{"line":71,"column":5}},{"start":{"line":66,"column":4},"end":{"line":71,"column":5}}],"line":66}},"s":{"0":1,"1":1,"2":1,"3":0,"4":0,"5":0,"6":0,"7":1,"8":1,"9":0,"10":0,"11":0,"12":0,"13":1,"14":1,"15":0,"16":0,"17":0,"18":0,"19":1,"20":6,"21":6,"22":6,"23":0,"24":6,"25":6,"26":0,"27":4,"28":4,"29":4,"30":0,"31":4,"32":0,"33":1},"f":{"0":0,"1":0,"2":0,"3":0,"4":0,"5":0,"6":6,"7":4},"b":{"0":[0,6],"1":[0,4]},"_coverageSchema":"1a1c01bbd47fc00a2c39e90264f33305004495a9","hash":"58547add1d45a6382f271d9094b9b46c31705eaf","contentHash":"adec9ed192e3280ce49960e182a778f45ad0af66d9b3d55046a4408f264cd8c8"},"/home/kaushik/Documents/October/UdemyClone/Backend/controllers/students/general/getAll.js":{"path":"/home/kaushik/Documents/October/UdemyClone/Backend/controllers/students/general/getAll.js","statementMap":{"0":{"start":{"line":1,"column":16},"end":{"line":1,"column":50}},"1":{"start":{"line":4,"column":4},"end":{"line":9,"column":5}},"2":{"start":{"line":5,"column":25},"end":{"line":5,"column":45}},"3":{"start":{"line":6,"column":8},"end":{"line":6,"column":26}},"4":{"start":{"line":8,"column":8},"end":{"line":8,"column":54}},"5":{"start":{"line":11,"column":0},"end":{"line":11,"column":31}}},"fnMap":{"0":{"name":"controller","decl":{"start":{"line":3,"column":15},"end":{"line":3,"column":25}},"loc":{"start":{"line":3,"column":36},"end":{"line":10,"column":1}},"line":3}},"branchMap":{},"s":{"0":1,"1":1,"2":1,"3":1,"4":0,"5":1},"f":{"0":1},"b":{},"_coverageSchema":"1a1c01bbd47fc00a2c39e90264f33305004495a9","hash":"3fed9299e41a5d6439d636b91227489bfccd71f5","contentHash":"81d3c181b2a3fc4b823ac90616863c3b519e77b4a0e0266ff0aa3229eb118a85"},"/home/kaushik/Documents/October/UdemyClone/Backend/controllers/students/general/getOne.js":{"path":"/home/kaushik/Documents/October/UdemyClone/Backend/controllers/students/general/getOne.js","statementMap":{"0":{"start":{"line":1,"column":17},"end":{"line":1,"column":51}},"1":{"start":{"line":2,"column":20},"end":{"line":2,"column":57}},"2":{"start":{"line":3,"column":14},"end":{"line":3,"column":30}},"3":{"start":{"line":9,"column":4},"end":{"line":22,"column":46}},"4":{"start":{"line":11,"column":8},"end":{"line":20,"column":9}},"5":{"start":{"line":12,"column":23},"end":{"line":12,"column":25}},"6":{"start":{"line":13,"column":12},"end":{"line":13,"column":105}},"7":{"start":{"line":13,"column":46},"end":{"line":13,"column":105}},"8":{"start":{"line":14,"column":12},"end":{"line":14,"column":111}},"9":{"start":{"line":14,"column":49},"end":{"line":14,"column":111}},"10":{"start":{"line":17,"column":12},"end":{"line":17,"column":43}},"11":{"start":{"line":19,"column":12},"end":{"line":19,"column":59}},"12":{"start":{"line":22,"column":9},"end":{"line":22,"column":46}},"13":{"start":{"line":25,"column":0},"end":{"line":25,"column":31}}},"fnMap":{"0":{"name":"controller","decl":{"start":{"line":5,"column":15},"end":{"line":5,"column":25}},"loc":{"start":{"line":5,"column":36},"end":{"line":23,"column":1}},"line":5}},"branchMap":{"0":{"loc":{"start":{"line":9,"column":4},"end":{"line":22,"column":46}},"type":"if","locations":[{"start":{"line":9,"column":4},"end":{"line":22,"column":46}},{"start":{"line":9,"column":4},"end":{"line":22,"column":46}}],"line":9},"1":{"loc":{"start":{"line":9,"column":8},"end":{"line":9,"column":41}},"type":"binary-expr","locations":[{"start":{"line":9,"column":8},"end":{"line":9,"column":21}},{"start":{"line":9,"column":25},"end":{"line":9,"column":41}}],"line":9},"2":{"loc":{"start":{"line":13,"column":12},"end":{"line":13,"column":105}},"type":"if","locations":[{"start":{"line":13,"column":12},"end":{"line":13,"column":105}},{"start":{"line":13,"column":12},"end":{"line":13,"column":105}}],"line":13},"3":{"loc":{"start":{"line":14,"column":12},"end":{"line":14,"column":111}},"type":"if","locations":[{"start":{"line":14,"column":12},"end":{"line":14,"column":111}},{"start":{"line":14,"column":12},"end":{"line":14,"column":111}}],"line":14}},"s":{"0":1,"1":1,"2":1,"3":4,"4":2,"5":2,"6":2,"7":1,"8":2,"9":1,"10":2,"11":0,"12":2,"13":1},"f":{"0":4},"b":{"0":[2,2],"1":[4,2],"2":[1,1],"3":[1,1]},"_coverageSchema":"1a1c01bbd47fc00a2c39e90264f33305004495a9","hash":"d0ffedca2682035324a5081d1d7ea846242cda3c","contentHash":"7060e2e7afd1f7b1ba894571d9873589b17fa560b02ae59e1e07ef0671f9519b"},"/home/kaushik/Documents/October/UdemyClone/Backend/models/instructor.js":{"path":"/home/kaushik/Documents/October/UdemyClone/Backend/models/instructor.js","statementMap":{"0":{"start":{"line":1,"column":17},"end":{"line":1,"column":36}},"1":{"start":{"line":2,"column":15},"end":{"line":2,"column":40}},"2":{"start":{"line":3,"column":15},"end":{"line":3,"column":32}},"3":{"start":{"line":5,"column":25},"end":{"line":44,"column":2}},"4":{"start":{"line":15,"column":16},"end":{"line":16,"column":24}},"5":{"start":{"line":22,"column":23},"end":{"line":22,"column":33}},"6":{"start":{"line":28,"column":16},"end":{"line":29,"column":24}},"7":{"start":{"line":47,"column":0},"end":{"line":60,"column":3}},"8":{"start":{"line":48,"column":23},"end":{"line":48,"column":27}},"9":{"start":{"line":49,"column":4},"end":{"line":59,"column":5}},"10":{"start":{"line":50,"column":8},"end":{"line":56,"column":9}},"11":{"start":{"line":51,"column":25},"end":{"line":51,"column":64}},"12":{"start":{"line":52,"column":12},"end":{"line":52,"column":79}},"13":{"start":{"line":53,"column":12},"end":{"line":53,"column":19}},"14":{"start":{"line":55,"column":12},"end":{"line":55,"column":22}},"15":{"start":{"line":58,"column":8},"end":{"line":58,"column":15}},"16":{"start":{"line":62,"column":0},"end":{"line":62,"column":63}}},"fnMap":{"0":{"name":"(anonymous_0)","decl":{"start":{"line":14,"column":23},"end":{"line":14,"column":24}},"loc":{"start":{"line":14,"column":36},"end":{"line":16,"column":37}},"line":14},"1":{"name":"(anonymous_1)","decl":{"start":{"line":22,"column":17},"end":{"line":22,"column":18}},"loc":{"start":{"line":22,"column":23},"end":{"line":22,"column":33}},"line":22},"2":{"name":"(anonymous_2)","decl":{"start":{"line":27,"column":23},"end":{"line":27,"column":24}},"loc":{"start":{"line":27,"column":36},"end":{"line":30,"column":13}},"line":27},"3":{"name":"(anonymous_3)","decl":{"start":{"line":47,"column":29},"end":{"line":47,"column":30}},"loc":{"start":{"line":47,"column":51},"end":{"line":60,"column":1}},"line":47}},"branchMap":{"0":{"loc":{"start":{"line":49,"column":4},"end":{"line":59,"column":5}},"type":"if","locations":[{"start":{"line":49,"column":4},"end":{"line":59,"column":5}},{"start":{"line":49,"column":4},"end":{"line":59,"column":5}}],"line":49}},"s":{"0":1,"1":1,"2":1,"3":1,"4":33,"5":34,"6":33,"7":1,"8":33,"9":33,"10":33,"11":33,"12":33,"13":33,"14":0,"15":0,"16":1},"f":{"0":33,"1":34,"2":33,"3":33},"b":{"0":[33,0]},"_coverageSchema":"1a1c01bbd47fc00a2c39e90264f33305004495a9","hash":"a3637e81a0a119099fc1514aaa90210a01440706","contentHash":"6cddc9e3f39b8bfe6f1c90f9965af26972a59ad296597e4ef2b883b5305cbe63"},"/home/kaushik/Documents/October/UdemyClone/Backend/controllers/students/general/createNew.js":{"path":"/home/kaushik/Documents/October/UdemyClone/Backend/controllers/students/general/createNew.js","statementMap":{"0":{"start":{"line":1,"column":16},"end":{"line":1,"column":50}},"1":{"start":{"line":4,"column":23},"end":{"line":8,"column":6}},"2":{"start":{"line":9,"column":4},"end":{"line":14,"column":5}},"3":{"start":{"line":10,"column":28},"end":{"line":10,"column":51}},"4":{"start":{"line":11,"column":8},"end":{"line":11,"column":41}},"5":{"start":{"line":13,"column":8},"end":{"line":13,"column":57}},"6":{"start":{"line":17,"column":0},"end":{"line":17,"column":31}}},"fnMap":{"0":{"name":"controller","decl":{"start":{"line":3,"column":15},"end":{"line":3,"column":25}},"loc":{"start":{"line":3,"column":36},"end":{"line":15,"column":1}},"line":3}},"branchMap":{},"s":{"0":1,"1":1,"2":1,"3":1,"4":1,"5":0,"6":1},"f":{"0":1},"b":{},"_coverageSchema":"1a1c01bbd47fc00a2c39e90264f33305004495a9","hash":"15c6ab661d9863198b2b1f86a64607281157e9b6","contentHash":"5f24dd47ab6cc61949a5c7ac90e6c95126d96f2f56280bf95cfc39c92f3bb411"},"/home/kaushik/Documents/October/UdemyClone/Backend/controllers/students/general/update.js":{"path":"/home/kaushik/Documents/October/UdemyClone/Backend/controllers/students/general/update.js","statementMap":{"0":{"start":{"line":1,"column":17},"end":{"line":1,"column":51}},"1":{"start":{"line":8,"column":2},"end":{"line":10,"column":3}},"2":{"start":{"line":9,"column":4},"end":{"line":9,"column":37}},"3":{"start":{"line":12,"column":12},"end":{"line":12,"column":14}},"4":{"start":{"line":13,"column":2},"end":{"line":13,"column":63}},"5":{"start":{"line":13,"column":32},"end":{"line":13,"column":63}},"6":{"start":{"line":14,"column":2},"end":{"line":14,"column":61}},"7":{"start":{"line":14,"column":37},"end":{"line":14,"column":61}},"8":{"start":{"line":16,"column":2},"end":{"line":34,"column":3}},"9":{"start":{"line":18,"column":27},"end":{"line":27,"column":5}},"10":{"start":{"line":29,"column":4},"end":{"line":31,"column":7}},"11":{"start":{"line":33,"column":4},"end":{"line":33,"column":23}},"12":{"start":{"line":37,"column":0},"end":{"line":37,"column":32}}},"fnMap":{"0":{"name":"controller","decl":{"start":{"line":3,"column":15},"end":{"line":3,"column":25}},"loc":{"start":{"line":3,"column":36},"end":{"line":35,"column":1}},"line":3}},"branchMap":{"0":{"loc":{"start":{"line":8,"column":2},"end":{"line":10,"column":3}},"type":"if","locations":[{"start":{"line":8,"column":2},"end":{"line":10,"column":3}},{"start":{"line":8,"column":2},"end":{"line":10,"column":3}}],"line":8},"1":{"loc":{"start":{"line":13,"column":2},"end":{"line":13,"column":63}},"type":"if","locations":[{"start":{"line":13,"column":2},"end":{"line":13,"column":63}},{"start":{"line":13,"column":2},"end":{"line":13,"column":63}}],"line":13},"2":{"loc":{"start":{"line":14,"column":2},"end":{"line":14,"column":61}},"type":"if","locations":[{"start":{"line":14,"column":2},"end":{"line":14,"column":61}},{"start":{"line":14,"column":2},"end":{"line":14,"column":61}}],"line":14},"3":{"loc":{"start":{"line":14,"column":6},"end":{"line":14,"column":35}},"type":"binary-expr","locations":[{"start":{"line":14,"column":6},"end":{"line":14,"column":14}},{"start":{"line":14,"column":18},"end":{"line":14,"column":35}}],"line":14}},"s":{"0":1,"1":1,"2":1,"3":1,"4":1,"5":0,"6":1,"7":0,"8":1,"9":1,"10":1,"11":0,"12":1},"f":{"0":1},"b":{"0":[1,0],"1":[0,1],"2":[0,1],"3":[1,0]},"_coverageSchema":"1a1c01bbd47fc00a2c39e90264f33305004495a9","hash":"9497642cd5f066c3d88e48e507e826d056abd139","contentHash":"d1a587db1ddddc20051bc10940cc0124b63f84eee68b7710a65fe5386a230aa9"},"/home/kaushik/Documents/October/UdemyClone/Backend/controllers/students/general/delete.js":{"path":"/home/kaushik/Documents/October/UdemyClone/Backend/controllers/students/general/delete.js","statementMap":{"0":{"start":{"line":4,"column":4},"end":{"line":10,"column":5}},"1":{"start":{"line":5,"column":8},"end":{"line":5,"column":38}},"2":{"start":{"line":6,"column":8},"end":{"line":6,"column":61}},"3":{"start":{"line":9,"column":8},"end":{"line":9,"column":62}},"4":{"start":{"line":13,"column":0},"end":{"line":13,"column":31}}},"fnMap":{"0":{"name":"controller","decl":{"start":{"line":3,"column":15},"end":{"line":3,"column":25}},"loc":{"start":{"line":3,"column":36},"end":{"line":11,"column":1}},"line":3}},"branchMap":{},"s":{"0":1,"1":1,"2":1,"3":0,"4":1},"f":{"0":1},"b":{},"_coverageSchema":"1a1c01bbd47fc00a2c39e90264f33305004495a9","hash":"63a8dec81d5d794dab03a4b96a1d705f4fe3fdb6","contentHash":"ea4c7abd15bc69e1b3ad53d429d0eaca37891ea98cc4ab3ef7be0234102c6007"},"/home/kaushik/Documents/October/UdemyClone/Backend/controllers/students/general/signup.js":{"path":"/home/kaushik/Documents/October/UdemyClone/Backend/controllers/students/general/signup.js","statementMap":{"0":{"start":{"line":1,"column":16},"end":{"line":1,"column":50}},"1":{"start":{"line":2,"column":14},"end":{"line":2,"column":30}},"2":{"start":{"line":5,"column":23},"end":{"line":9,"column":6}},"3":{"start":{"line":12,"column":4},"end":{"line":19,"column":5}},"4":{"start":{"line":13,"column":28},"end":{"line":13,"column":51}},"5":{"start":{"line":14,"column":8},"end":{"line":14,"column":64}},"6":{"start":{"line":15,"column":8},"end":{"line":15,"column":61}},"7":{"start":{"line":18,"column":8},"end":{"line":18,"column":54}},"8":{"start":{"line":22,"column":0},"end":{"line":22,"column":31}}},"fnMap":{"0":{"name":"controller","decl":{"start":{"line":4,"column":15},"end":{"line":4,"column":25}},"loc":{"start":{"line":4,"column":36},"end":{"line":20,"column":1}},"line":4}},"branchMap":{},"s":{"0":1,"1":1,"2":2,"3":2,"4":2,"5":1,"6":1,"7":1,"8":1},"f":{"0":2},"b":{},"_coverageSchema":"1a1c01bbd47fc00a2c39e90264f33305004495a9","hash":"b31b05f8a925903c00977bb2b07a081830adcf67","contentHash":"e7f9e3706c9e0eacbb5a35113afb6f9b9efac99266a87eb5532329edf388a9e2"},"/home/kaushik/Documents/October/UdemyClone/Backend/controllers/students/general/login.js":{"path":"/home/kaushik/Documents/October/UdemyClone/Backend/controllers/students/general/login.js","statementMap":{"0":{"start":{"line":1,"column":16},"end":{"line":1,"column":50}},"1":{"start":{"line":2,"column":19},"end":{"line":2,"column":56}},"2":{"start":{"line":3,"column":15},"end":{"line":3,"column":32}},"3":{"start":{"line":4,"column":15},"end":{"line":4,"column":46}},"4":{"start":{"line":5,"column":12},"end":{"line":5,"column":35}},"5":{"start":{"line":6,"column":14},"end":{"line":6,"column":30}},"6":{"start":{"line":12,"column":15},"end":{"line":12,"column":63}},"7":{"start":{"line":13,"column":15},"end":{"line":13,"column":25}},"8":{"start":{"line":15,"column":4},"end":{"line":18,"column":5}},"9":{"start":{"line":16,"column":8},"end":{"line":16,"column":67}},"10":{"start":{"line":17,"column":8},"end":{"line":17,"column":28}},"11":{"start":{"line":21,"column":4},"end":{"line":38,"column":5}},"12":{"start":{"line":22,"column":8},"end":{"line":22,"column":79}},"13":{"start":{"line":24,"column":8},"end":{"line":33,"column":9}},"14":{"start":{"line":25,"column":26},"end":{"line":25,"column":108}},"15":{"start":{"line":27,"column":12},"end":{"line":27,"column":63}},"16":{"start":{"line":28,"column":12},"end":{"line":28,"column":80}},"17":{"start":{"line":31,"column":12},"end":{"line":31,"column":67}},"18":{"start":{"line":32,"column":12},"end":{"line":32,"column":57}},"19":{"start":{"line":36,"column":8},"end":{"line":36,"column":61}},"20":{"start":{"line":37,"column":8},"end":{"line":37,"column":51}},"21":{"start":{"line":42,"column":0},"end":{"line":42,"column":31}}},"fnMap":{"0":{"name":"controller","decl":{"start":{"line":8,"column":15},"end":{"line":8,"column":25}},"loc":{"start":{"line":8,"column":36},"end":{"line":40,"column":1}},"line":8}},"branchMap":{"0":{"loc":{"start":{"line":15,"column":4},"end":{"line":18,"column":5}},"type":"if","locations":[{"start":{"line":15,"column":4},"end":{"line":18,"column":5}},{"start":{"line":15,"column":4},"end":{"line":18,"column":5}}],"line":15},"1":{"loc":{"start":{"line":21,"column":4},"end":{"line":38,"column":5}},"type":"if","locations":[{"start":{"line":21,"column":4},"end":{"line":38,"column":5}},{"start":{"line":21,"column":4},"end":{"line":38,"column":5}}],"line":21},"2":{"loc":{"start":{"line":24,"column":8},"end":{"line":33,"column":9}},"type":"if","locations":[{"start":{"line":24,"column":8},"end":{"line":33,"column":9}},{"start":{"line":24,"column":8},"end":{"line":33,"column":9}}],"line":24}},"s":{"0":1,"1":1,"2":1,"3":1,"4":1,"5":1,"6":4,"7":4,"8":4,"9":3,"10":3,"11":4,"12":3,"13":3,"14":2,"15":2,"16":2,"17":1,"18":1,"19":1,"20":1,"21":1},"f":{"0":4},"b":{"0":[3,1],"1":[3,1],"2":[2,1]},"_coverageSchema":"1a1c01bbd47fc00a2c39e90264f33305004495a9","hash":"1405e9733bbed8c14d088349397fc494f72181f9","contentHash":"022b7b014097c25204ca95c2522895a99e09d41f8372970bc5ad6db8cdb56522"},"/home/kaushik/Documents/October/UdemyClone/Backend/controllers/students/viewCourses/showAllCourses.js":{"path":"/home/kaushik/Documents/October/UdemyClone/Backend/controllers/students/viewCourses/showAllCourses.js","statementMap":{"0":{"start":{"line":1,"column":16},"end":{"line":1,"column":50}},"1":{"start":{"line":6,"column":15},"end":{"line":6,"column":30}},"2":{"start":{"line":7,"column":25},"end":{"line":7,"column":26}},"3":{"start":{"line":9,"column":21},"end":{"line":9,"column":42}},"4":{"start":{"line":11,"column":2},"end":{"line":20,"column":3}},"5":{"start":{"line":12,"column":26},"end":{"line":15,"column":28}},"6":{"start":{"line":17,"column":4},"end":{"line":17,"column":40}},"7":{"start":{"line":19,"column":4},"end":{"line":19,"column":53}},"8":{"start":{"line":25,"column":0},"end":{"line":25,"column":31}}},"fnMap":{"0":{"name":"controller","decl":{"start":{"line":4,"column":15},"end":{"line":4,"column":25}},"loc":{"start":{"line":4,"column":36},"end":{"line":23,"column":1}},"line":4}},"branchMap":{},"s":{"0":1,"1":1,"2":1,"3":1,"4":1,"5":1,"6":1,"7":0,"8":1},"f":{"0":1},"b":{},"_coverageSchema":"1a1c01bbd47fc00a2c39e90264f33305004495a9","hash":"ee18010b1a9004f21b5edd12467c7006b264bd50","contentHash":"337ae1300db1d641aed4ef8c82010ce86466ff900994637c52f7cb8f53f97e4c"},"/home/kaushik/Documents/October/UdemyClone/Backend/models/courses.js":{"path":"/home/kaushik/Documents/October/UdemyClone/Backend/models/courses.js","statementMap":{"0":{"start":{"line":1,"column":17},"end":{"line":1,"column":36}},"1":{"start":{"line":3,"column":21},"end":{"line":212,"column":2}},"2":{"start":{"line":106,"column":47},"end":{"line":106,"column":57}},"3":{"start":{"line":120,"column":51},"end":{"line":120,"column":61}},"4":{"start":{"line":133,"column":55},"end":{"line":133,"column":65}},"5":{"start":{"line":156,"column":47},"end":{"line":156,"column":57}},"6":{"start":{"line":169,"column":51},"end":{"line":169,"column":61}},"7":{"start":{"line":182,"column":55},"end":{"line":182,"column":65}},"8":{"start":{"line":200,"column":31},"end":{"line":200,"column":41}},"9":{"start":{"line":214,"column":0},"end":{"line":214,"column":56}}},"fnMap":{"0":{"name":"(anonymous_0)","decl":{"start":{"line":106,"column":41},"end":{"line":106,"column":42}},"loc":{"start":{"line":106,"column":47},"end":{"line":106,"column":57}},"line":106},"1":{"name":"(anonymous_1)","decl":{"start":{"line":120,"column":45},"end":{"line":120,"column":46}},"loc":{"start":{"line":120,"column":51},"end":{"line":120,"column":61}},"line":120},"2":{"name":"(anonymous_2)","decl":{"start":{"line":133,"column":49},"end":{"line":133,"column":50}},"loc":{"start":{"line":133,"column":55},"end":{"line":133,"column":65}},"line":133},"3":{"name":"(anonymous_3)","decl":{"start":{"line":156,"column":41},"end":{"line":156,"column":42}},"loc":{"start":{"line":156,"column":47},"end":{"line":156,"column":57}},"line":156},"4":{"name":"(anonymous_4)","decl":{"start":{"line":169,"column":45},"end":{"line":169,"column":46}},"loc":{"start":{"line":169,"column":51},"end":{"line":169,"column":61}},"line":169},"5":{"name":"(anonymous_5)","decl":{"start":{"line":182,"column":49},"end":{"line":182,"column":50}},"loc":{"start":{"line":182,"column":55},"end":{"line":182,"column":65}},"line":182},"6":{"name":"(anonymous_6)","decl":{"start":{"line":200,"column":25},"end":{"line":200,"column":26}},"loc":{"start":{"line":200,"column":31},"end":{"line":200,"column":41}},"line":200}},"branchMap":{},"s":{"0":1,"1":1,"2":0,"3":0,"4":0,"5":0,"6":0,"7":0,"8":0,"9":1},"f":{"0":0,"1":0,"2":0,"3":0,"4":0,"5":0,"6":0},"b":{},"_coverageSchema":"1a1c01bbd47fc00a2c39e90264f33305004495a9","hash":"0733c4310ec15e51ccf52ffcb725d65f7a622fd1","contentHash":"6cee7766f7f88243437bab1f2e104504e57855ff24ee7fa8971d341c6a20baf6"},"/home/kaushik/Documents/October/UdemyClone/Backend/controllers/students/viewCourses/showMyCourses.js":{"path":"/home/kaushik/Documents/October/UdemyClone/Backend/controllers/students/viewCourses/showMyCourses.js","statementMap":{"0":{"start":{"line":1,"column":16},"end":{"line":1,"column":50}},"1":{"start":{"line":2,"column":16},"end":{"line":2,"column":50}},"2":{"start":{"line":7,"column":4},"end":{"line":28,"column":5}},"3":{"start":{"line":8,"column":8},"end":{"line":27,"column":9}},"4":{"start":{"line":9,"column":25},"end":{"line":9,"column":75}},"5":{"start":{"line":10,"column":34},"end":{"line":12,"column":14}},"6":{"start":{"line":11,"column":16},"end":{"line":11,"column":41}},"7":{"start":{"line":13,"column":39},"end":{"line":13,"column":41}},"8":{"start":{"line":15,"column":12},"end":{"line":18,"column":13}},"9":{"start":{"line":15,"column":25},"end":{"line":15,"column":26}},"10":{"start":{"line":16,"column":16},"end":{"line":16,"column":66}},"11":{"start":{"line":17,"column":16},"end":{"line":17,"column":48}},"12":{"start":{"line":20,"column":12},"end":{"line":23,"column":44}},"13":{"start":{"line":21,"column":16},"end":{"line":21,"column":58}},"14":{"start":{"line":23,"column":17},"end":{"line":23,"column":44}},"15":{"start":{"line":26,"column":12},"end":{"line":26,"column":31}},"16":{"start":{"line":33,"column":0},"end":{"line":33,"column":31}}},"fnMap":{"0":{"name":"controller","decl":{"start":{"line":4,"column":15},"end":{"line":4,"column":25}},"loc":{"start":{"line":4,"column":36},"end":{"line":31,"column":1}},"line":4},"1":{"name":"(anonymous_1)","decl":{"start":{"line":10,"column":59},"end":{"line":10,"column":60}},"loc":{"start":{"line":10,"column":71},"end":{"line":12,"column":13}},"line":10}},"branchMap":{"0":{"loc":{"start":{"line":7,"column":4},"end":{"line":28,"column":5}},"type":"if","locations":[{"start":{"line":7,"column":4},"end":{"line":28,"column":5}},{"start":{"line":7,"column":4},"end":{"line":28,"column":5}}],"line":7},"1":{"loc":{"start":{"line":20,"column":12},"end":{"line":23,"column":44}},"type":"if","locations":[{"start":{"line":20,"column":12},"end":{"line":23,"column":44}},{"start":{"line":20,"column":12},"end":{"line":23,"column":44}}],"line":20}},"s":{"0":1,"1":1,"2":1,"3":1,"4":1,"5":1,"6":1,"7":1,"8":1,"9":1,"10":1,"11":1,"12":1,"13":1,"14":0,"15":0,"16":1},"f":{"0":1,"1":1},"b":{"0":[1,0],"1":[1,0]},"_coverageSchema":"1a1c01bbd47fc00a2c39e90264f33305004495a9","hash":"bd2335e6498b6e5ff510aa3c460cf36333445515","contentHash":"303f94096946d2b59032191b7215ba3c4deb8198f25ca921741a0a376eb0a137"},"/home/kaushik/Documents/October/UdemyClone/Backend/controllers/students/payment/purchase.js":{"path":"/home/kaushik/Documents/October/UdemyClone/Backend/controllers/students/payment/purchase.js","statementMap":{"0":{"start":{"line":1,"column":16},"end":{"line":1,"column":50}},"1":{"start":{"line":2,"column":21},"end":{"line":2,"column":49}},"2":{"start":{"line":3,"column":15},"end":{"line":3,"column":63}},"3":{"start":{"line":4,"column":14},"end":{"line":4,"column":30}},"4":{"start":{"line":12,"column":4},"end":{"line":39,"column":5}},"5":{"start":{"line":14,"column":21},"end":{"line":14,"column":67}},"6":{"start":{"line":15,"column":24},"end":{"line":15,"column":47}},"7":{"start":{"line":16,"column":24},"end":{"line":32,"column":10}},"8":{"start":{"line":35,"column":8},"end":{"line":35,"column":51}},"9":{"start":{"line":37,"column":8},"end":{"line":37,"column":27}},"10":{"start":{"line":38,"column":8},"end":{"line":38,"column":36}},"11":{"start":{"line":43,"column":0},"end":{"line":43,"column":31}}},"fnMap":{"0":{"name":"controller","decl":{"start":{"line":6,"column":15},"end":{"line":6,"column":25}},"loc":{"start":{"line":6,"column":36},"end":{"line":41,"column":1}},"line":6}},"branchMap":{},"s":{"0":1,"1":1,"2":1,"3":1,"4":1,"5":1,"6":1,"7":1,"8":1,"9":0,"10":0,"11":1},"f":{"0":1},"b":{},"_coverageSchema":"1a1c01bbd47fc00a2c39e90264f33305004495a9","hash":"da4407deeaa8f3b91117ac231e7a4ef59f9ddd93","contentHash":"8b8920d52e29ddcf3e4bdb9e6b3fd5201dc37b44fed18a19bdea76d4080a8c2e"},"/home/kaushik/Documents/October/UdemyClone/Backend/routes/instructor.js":{"path":"/home/kaushik/Documents/October/UdemyClone/Backend/routes/instructor.js","statementMap":{"0":{"start":{"line":1,"column":16},"end":{"line":1,"column":34}},"1":{"start":{"line":2,"column":15},"end":{"line":2,"column":31}},"2":{"start":{"line":3,"column":19},"end":{"line":3,"column":50}},"3":{"start":{"line":5,"column":15},"end":{"line":5,"column":58}},"4":{"start":{"line":6,"column":15},"end":{"line":6,"column":58}},"5":{"start":{"line":7,"column":15},"end":{"line":7,"column":61}},"6":{"start":{"line":8,"column":15},"end":{"line":8,"column":58}},"7":{"start":{"line":9,"column":15},"end":{"line":9,"column":58}},"8":{"start":{"line":10,"column":15},"end":{"line":10,"column":58}},"9":{"start":{"line":11,"column":14},"end":{"line":11,"column":56}},"10":{"start":{"line":13,"column":21},"end":{"line":13,"column":70}},"11":{"start":{"line":15,"column":19},"end":{"line":15,"column":43}},"12":{"start":{"line":18,"column":0},"end":{"line":18,"column":34}},"13":{"start":{"line":21,"column":0},"end":{"line":23,"column":21}},"14":{"start":{"line":22,"column":4},"end":{"line":22,"column":69}},"15":{"start":{"line":29,"column":0},"end":{"line":29,"column":35}},"16":{"start":{"line":32,"column":0},"end":{"line":34,"column":23}},"17":{"start":{"line":33,"column":4},"end":{"line":33,"column":69}},"18":{"start":{"line":37,"column":0},"end":{"line":39,"column":23}},"19":{"start":{"line":38,"column":4},"end":{"line":38,"column":69}},"20":{"start":{"line":42,"column":0},"end":{"line":44,"column":22}},"21":{"start":{"line":43,"column":4},"end":{"line":43,"column":54}},"22":{"start":{"line":47,"column":0},"end":{"line":47,"column":39}},"23":{"start":{"line":50,"column":0},"end":{"line":50,"column":60}},"24":{"start":{"line":53,"column":0},"end":{"line":53,"column":23}}},"fnMap":{"0":{"name":"(anonymous_0)","decl":{"start":{"line":21,"column":18},"end":{"line":21,"column":19}},"loc":{"start":{"line":21,"column":38},"end":{"line":23,"column":1}},"line":21},"1":{"name":"(anonymous_1)","decl":{"start":{"line":32,"column":60},"end":{"line":32,"column":61}},"loc":{"start":{"line":32,"column":80},"end":{"line":34,"column":3}},"line":32},"2":{"name":"(anonymous_2)","decl":{"start":{"line":37,"column":22},"end":{"line":37,"column":23}},"loc":{"start":{"line":37,"column":42},"end":{"line":39,"column":3}},"line":37},"3":{"name":"(anonymous_3)","decl":{"start":{"line":42,"column":26},"end":{"line":42,"column":27}},"loc":{"start":{"line":42,"column":46},"end":{"line":44,"column":1}},"line":42}},"branchMap":{},"s":{"0":1,"1":1,"2":1,"3":1,"4":1,"5":1,"6":1,"7":1,"8":1,"9":1,"10":1,"11":1,"12":1,"13":1,"14":1,"15":1,"16":1,"17":1,"18":1,"19":1,"20":1,"21":2,"22":1,"23":1,"24":1},"f":{"0":1,"1":1,"2":1,"3":2},"b":{},"_coverageSchema":"1a1c01bbd47fc00a2c39e90264f33305004495a9","hash":"0afb3e622496effd75aac809d5040d9dfaba018b","contentHash":"b39208b9adc59578a50675a8a22ac6a76c7814ae382cb78ea7b2aa0d30763c52"},"/home/kaushik/Documents/October/UdemyClone/Backend/controllers/instructor/getAll.js":{"path":"/home/kaushik/Documents/October/UdemyClone/Backend/controllers/instructor/getAll.js","statementMap":{"0":{"start":{"line":1,"column":19},"end":{"line":1,"column":53}},"1":{"start":{"line":4,"column":4},"end":{"line":9,"column":5}},"2":{"start":{"line":5,"column":28},"end":{"line":5,"column":51}},"3":{"start":{"line":6,"column":8},"end":{"line":6,"column":29}},"4":{"start":{"line":8,"column":8},"end":{"line":8,"column":54}},"5":{"start":{"line":11,"column":0},"end":{"line":11,"column":29}}},"fnMap":{"0":{"name":"controller","decl":{"start":{"line":3,"column":15},"end":{"line":3,"column":25}},"loc":{"start":{"line":3,"column":36},"end":{"line":10,"column":1}},"line":3}},"branchMap":{},"s":{"0":1,"1":1,"2":1,"3":1,"4":0,"5":1},"f":{"0":1},"b":{},"_coverageSchema":"1a1c01bbd47fc00a2c39e90264f33305004495a9","hash":"39b83adb1169875559b9f2158567653db6d8dcf7","contentHash":"948e7e177e0e068306cbfc72b8b78ef8dbf70342e964f9e1c3092654e1773624"},"/home/kaushik/Documents/October/UdemyClone/Backend/controllers/instructor/getOne.js":{"path":"/home/kaushik/Documents/October/UdemyClone/Backend/controllers/instructor/getOne.js","statementMap":{"0":{"start":{"line":1,"column":19},"end":{"line":1,"column":53}},"1":{"start":{"line":5,"column":4},"end":{"line":9,"column":5}},"2":{"start":{"line":6,"column":8},"end":{"line":6,"column":35}},"3":{"start":{"line":8,"column":8},"end":{"line":8,"column":55}},"4":{"start":{"line":12,"column":0},"end":{"line":12,"column":29}}},"fnMap":{"0":{"name":"controller","decl":{"start":{"line":3,"column":15},"end":{"line":3,"column":25}},"loc":{"start":{"line":3,"column":36},"end":{"line":10,"column":1}},"line":3}},"branchMap":{},"s":{"0":1,"1":1,"2":1,"3":0,"4":1},"f":{"0":1},"b":{},"_coverageSchema":"1a1c01bbd47fc00a2c39e90264f33305004495a9","hash":"e5dae4cd3a78e04974291251f934474c01104b07","contentHash":"31c04b62d5275517f1145412b685ebc8462da8e8781d4e603b1952423eb7d235"},"/home/kaushik/Documents/October/UdemyClone/Backend/controllers/instructor/createNew.js":{"path":"/home/kaushik/Documents/October/UdemyClone/Backend/controllers/instructor/createNew.js","statementMap":{"0":{"start":{"line":1,"column":19},"end":{"line":1,"column":53}},"1":{"start":{"line":5,"column":26},"end":{"line":9,"column":6}},"2":{"start":{"line":10,"column":4},"end":{"line":15,"column":5}},"3":{"start":{"line":11,"column":31},"end":{"line":11,"column":57}},"4":{"start":{"line":12,"column":8},"end":{"line":12,"column":44}},"5":{"start":{"line":14,"column":8},"end":{"line":14,"column":54}},"6":{"start":{"line":18,"column":0},"end":{"line":18,"column":29}}},"fnMap":{"0":{"name":"controller","decl":{"start":{"line":3,"column":15},"end":{"line":3,"column":25}},"loc":{"start":{"line":3,"column":36},"end":{"line":16,"column":1}},"line":3}},"branchMap":{},"s":{"0":1,"1":1,"2":1,"3":1,"4":1,"5":0,"6":1},"f":{"0":1},"b":{},"_coverageSchema":"1a1c01bbd47fc00a2c39e90264f33305004495a9","hash":"8bbb1be198ae27b8454dcf30ea68595056971437","contentHash":"4ba88aaa97dff79d6ac4c54ea836af49f3a86cffc35284c6cf149586532fdc74"},"/home/kaushik/Documents/October/UdemyClone/Backend/controllers/instructor/update.js":{"path":"/home/kaushik/Documents/October/UdemyClone/Backend/controllers/instructor/update.js","statementMap":{"0":{"start":{"line":1,"column":20},"end":{"line":1,"column":54}},"1":{"start":{"line":10,"column":13},"end":{"line":10,"column":15}},"2":{"start":{"line":11,"column":2},"end":{"line":11,"column":54}},"3":{"start":{"line":11,"column":27},"end":{"line":11,"column":54}},"4":{"start":{"line":12,"column":2},"end":{"line":12,"column":42}},"5":{"start":{"line":12,"column":21},"end":{"line":12,"column":42}},"6":{"start":{"line":14,"column":12},"end":{"line":14,"column":14}},"7":{"start":{"line":15,"column":2},"end":{"line":15,"column":69}},"8":{"start":{"line":15,"column":35},"end":{"line":15,"column":69}},"9":{"start":{"line":16,"column":2},"end":{"line":16,"column":61}},"10":{"start":{"line":16,"column":37},"end":{"line":16,"column":61}},"11":{"start":{"line":18,"column":2},"end":{"line":40,"column":3}},"12":{"start":{"line":20,"column":30},"end":{"line":29,"column":5}},"13":{"start":{"line":31,"column":4},"end":{"line":33,"column":5}},"14":{"start":{"line":32,"column":6},"end":{"line":32,"column":71}},"15":{"start":{"line":35,"column":4},"end":{"line":37,"column":7}},"16":{"start":{"line":39,"column":4},"end":{"line":39,"column":23}},"17":{"start":{"line":43,"column":0},"end":{"line":43,"column":32}}},"fnMap":{"0":{"name":"controller","decl":{"start":{"line":3,"column":15},"end":{"line":3,"column":25}},"loc":{"start":{"line":3,"column":36},"end":{"line":41,"column":1}},"line":3}},"branchMap":{"0":{"loc":{"start":{"line":11,"column":2},"end":{"line":11,"column":54}},"type":"if","locations":[{"start":{"line":11,"column":2},"end":{"line":11,"column":54}},{"start":{"line":11,"column":2},"end":{"line":11,"column":54}}],"line":11},"1":{"loc":{"start":{"line":12,"column":2},"end":{"line":12,"column":42}},"type":"if","locations":[{"start":{"line":12,"column":2},"end":{"line":12,"column":42}},{"start":{"line":12,"column":2},"end":{"line":12,"column":42}}],"line":12},"2":{"loc":{"start":{"line":15,"column":2},"end":{"line":15,"column":69}},"type":"if","locations":[{"start":{"line":15,"column":2},"end":{"line":15,"column":69}},{"start":{"line":15,"column":2},"end":{"line":15,"column":69}}],"line":15},"3":{"loc":{"start":{"line":16,"column":2},"end":{"line":16,"column":61}},"type":"if","locations":[{"start":{"line":16,"column":2},"end":{"line":16,"column":61}},{"start":{"line":16,"column":2},"end":{"line":16,"column":61}}],"line":16},"4":{"loc":{"start":{"line":16,"column":6},"end":{"line":16,"column":35}},"type":"binary-expr","locations":[{"start":{"line":16,"column":6},"end":{"line":16,"column":14}},{"start":{"line":16,"column":18},"end":{"line":16,"column":35}}],"line":16},"5":{"loc":{"start":{"line":31,"column":4},"end":{"line":33,"column":5}},"type":"if","locations":[{"start":{"line":31,"column":4},"end":{"line":33,"column":5}},{"start":{"line":31,"column":4},"end":{"line":33,"column":5}}],"line":31}},"s":{"0":1,"1":1,"2":1,"3":1,"4":1,"5":1,"6":1,"7":1,"8":0,"9":1,"10":0,"11":1,"12":1,"13":1,"14":0,"15":1,"16":0,"17":1},"f":{"0":1},"b":{"0":[1,0],"1":[1,0],"2":[0,1],"3":[0,1],"4":[1,0],"5":[0,1]},"_coverageSchema":"1a1c01bbd47fc00a2c39e90264f33305004495a9","hash":"6cf56c0ccfdefa57b4e0a2933822664944b3691b","contentHash":"9fab5b5ad087656154f894ffe925474f0a4437abdc9233428ba0e286bd43e016"},"/home/kaushik/Documents/October/UdemyClone/Backend/controllers/instructor/delete.js":{"path":"/home/kaushik/Documents/October/UdemyClone/Backend/controllers/instructor/delete.js","statementMap":{"0":{"start":{"line":1,"column":19},"end":{"line":1,"column":53}},"1":{"start":{"line":4,"column":4},"end":{"line":9,"column":5}},"2":{"start":{"line":5,"column":8},"end":{"line":5,"column":41}},"3":{"start":{"line":6,"column":8},"end":{"line":6,"column":52}},"4":{"start":{"line":8,"column":8},"end":{"line":8,"column":62}},"5":{"start":{"line":12,"column":0},"end":{"line":12,"column":31}}},"fnMap":{"0":{"name":"controller","decl":{"start":{"line":3,"column":15},"end":{"line":3,"column":25}},"loc":{"start":{"line":3,"column":36},"end":{"line":10,"column":1}},"line":3}},"branchMap":{},"s":{"0":1,"1":1,"2":1,"3":1,"4":0,"5":1},"f":{"0":1},"b":{},"_coverageSchema":"1a1c01bbd47fc00a2c39e90264f33305004495a9","hash":"7e3a4d593e3bdc3fde2b8e54092f960ab5b5a729","contentHash":"44e90f88f0e1606980532a63b735fde04cca2fefbf1e968ca767cb74bf32c527"},"/home/kaushik/Documents/October/UdemyClone/Backend/controllers/instructor/signup.js":{"path":"/home/kaushik/Documents/October/UdemyClone/Backend/controllers/instructor/signup.js","statementMap":{"0":{"start":{"line":1,"column":19},"end":{"line":1,"column":53}},"1":{"start":{"line":2,"column":14},"end":{"line":2,"column":30}},"2":{"start":{"line":5,"column":0},"end":{"line":5,"column":22}},"3":{"start":{"line":7,"column":26},"end":{"line":11,"column":6}},"4":{"start":{"line":12,"column":4},"end":{"line":21,"column":5}},"5":{"start":{"line":15,"column":31},"end":{"line":15,"column":57}},"6":{"start":{"line":16,"column":8},"end":{"line":16,"column":67}},"7":{"start":{"line":17,"column":8},"end":{"line":17,"column":57}},"8":{"start":{"line":19,"column":8},"end":{"line":19,"column":41}},"9":{"start":{"line":20,"column":8},"end":{"line":20,"column":54}},"10":{"start":{"line":24,"column":0},"end":{"line":24,"column":31}}},"fnMap":{"0":{"name":"controller","decl":{"start":{"line":4,"column":15},"end":{"line":4,"column":25}},"loc":{"start":{"line":4,"column":36},"end":{"line":22,"column":1}},"line":4}},"branchMap":{},"s":{"0":1,"1":1,"2":2,"3":2,"4":2,"5":2,"6":1,"7":1,"8":1,"9":1,"10":1},"f":{"0":2},"b":{},"_coverageSchema":"1a1c01bbd47fc00a2c39e90264f33305004495a9","hash":"55e67153a39ea6855b289b164891a9575414a88e","contentHash":"085f7c05593fe8721603b45f69b40f3cb9e1b67a579f304cdb4db2330e2b3d44"},"/home/kaushik/Documents/October/UdemyClone/Backend/controllers/instructor/login.js":{"path":"/home/kaushik/Documents/October/UdemyClone/Backend/controllers/instructor/login.js","statementMap":{"0":{"start":{"line":1,"column":19},"end":{"line":1,"column":53}},"1":{"start":{"line":2,"column":15},"end":{"line":2,"column":32}},"2":{"start":{"line":3,"column":15},"end":{"line":3,"column":43}},"3":{"start":{"line":4,"column":12},"end":{"line":4,"column":35}},"4":{"start":{"line":5,"column":14},"end":{"line":5,"column":30}},"5":{"start":{"line":8,"column":4},"end":{"line":8,"column":63}},"6":{"start":{"line":9,"column":17},"end":{"line":9,"column":68}},"7":{"start":{"line":10,"column":4},"end":{"line":28,"column":5}},"8":{"start":{"line":11,"column":8},"end":{"line":11,"column":79}},"9":{"start":{"line":13,"column":8},"end":{"line":23,"column":9}},"10":{"start":{"line":14,"column":26},"end":{"line":14,"column":87}},"11":{"start":{"line":16,"column":12},"end":{"line":16,"column":63}},"12":{"start":{"line":17,"column":12},"end":{"line":17,"column":66}},"13":{"start":{"line":18,"column":12},"end":{"line":18,"column":69}},"14":{"start":{"line":21,"column":12},"end":{"line":21,"column":67}},"15":{"start":{"line":22,"column":12},"end":{"line":22,"column":57}},"16":{"start":{"line":26,"column":8},"end":{"line":26,"column":61}},"17":{"start":{"line":27,"column":8},"end":{"line":27,"column":51}},"18":{"start":{"line":32,"column":0},"end":{"line":32,"column":31}}},"fnMap":{"0":{"name":"controller","decl":{"start":{"line":7,"column":15},"end":{"line":7,"column":25}},"loc":{"start":{"line":7,"column":36},"end":{"line":30,"column":1}},"line":7}},"branchMap":{"0":{"loc":{"start":{"line":10,"column":4},"end":{"line":28,"column":5}},"type":"if","locations":[{"start":{"line":10,"column":4},"end":{"line":28,"column":5}},{"start":{"line":10,"column":4},"end":{"line":28,"column":5}}],"line":10},"1":{"loc":{"start":{"line":13,"column":8},"end":{"line":23,"column":9}},"type":"if","locations":[{"start":{"line":13,"column":8},"end":{"line":23,"column":9}},{"start":{"line":13,"column":8},"end":{"line":23,"column":9}}],"line":13}},"s":{"0":1,"1":1,"2":1,"3":1,"4":1,"5":4,"6":4,"7":4,"8":2,"9":2,"10":1,"11":1,"12":1,"13":1,"14":1,"15":1,"16":2,"17":2,"18":1},"f":{"0":4},"b":{"0":[2,2],"1":[1,1]},"_coverageSchema":"1a1c01bbd47fc00a2c39e90264f33305004495a9","hash":"ac0baa80b7f728951aa66bc799a8edeeba93b003","contentHash":"f37d45ea969ab1552d101c5e08213c928829fe37135f2c6aebd682e5a80c9ad2"},"/home/kaushik/Documents/October/UdemyClone/Backend/controllers/instructor/allMyCourses.js":{"path":"/home/kaushik/Documents/October/UdemyClone/Backend/controllers/instructor/allMyCourses.js","statementMap":{"0":{"start":{"line":1,"column":16},"end":{"line":1,"column":47}},"1":{"start":{"line":2,"column":19},"end":{"line":2,"column":53}},"2":{"start":{"line":5,"column":4},"end":{"line":5,"column":33}},"3":{"start":{"line":6,"column":4},"end":{"line":6,"column":34}},"4":{"start":{"line":9,"column":4},"end":{"line":26,"column":9}},"5":{"start":{"line":10,"column":21},"end":{"line":10,"column":74}},"6":{"start":{"line":12,"column":8},"end":{"line":21,"column":9}},"7":{"start":{"line":13,"column":30},"end":{"line":13,"column":74}},"8":{"start":{"line":16,"column":12},"end":{"line":16,"column":44}},"9":{"start":{"line":20,"column":12},"end":{"line":20,"column":51}},"10":{"start":{"line":24,"column":12},"end":{"line":24,"column":31}},"11":{"start":{"line":25,"column":12},"end":{"line":25,"column":38}},"12":{"start":{"line":31,"column":0},"end":{"line":31,"column":31}}},"fnMap":{"0":{"name":"controller","decl":{"start":{"line":4,"column":15},"end":{"line":4,"column":25}},"loc":{"start":{"line":4,"column":36},"end":{"line":29,"column":1}},"line":4}},"branchMap":{"0":{"loc":{"start":{"line":12,"column":8},"end":{"line":21,"column":9}},"type":"if","locations":[{"start":{"line":12,"column":8},"end":{"line":21,"column":9}},{"start":{"line":12,"column":8},"end":{"line":21,"column":9}}],"line":12}},"s":{"0":1,"1":1,"2":2,"3":2,"4":2,"5":2,"6":2,"7":1,"8":1,"9":1,"10":0,"11":0,"12":1},"f":{"0":2},"b":{"0":[1,1]},"_coverageSchema":"1a1c01bbd47fc00a2c39e90264f33305004495a9","hash":"0f81a9ab4280977b7578c00c769e6562dce632a7","contentHash":"aa4764711bbde2fe8bdf8cda3617877e5c00d8532a0340a38275a6f401b92e86"},"/home/kaushik/Documents/October/UdemyClone/Backend/routes/courses.js":{"path":"/home/kaushik/Documents/October/UdemyClone/Backend/routes/courses.js","statementMap":{"0":{"start":{"line":1,"column":16},"end":{"line":1,"column":34}},"1":{"start":{"line":2,"column":15},"end":{"line":2,"column":31}},"2":{"start":{"line":3,"column":16},"end":{"line":3,"column":44}},"3":{"start":{"line":4,"column":19},"end":{"line":4,"column":43}},"4":{"start":{"line":6,"column":15},"end":{"line":6,"column":63}},"5":{"start":{"line":7,"column":15},"end":{"line":7,"column":63}},"6":{"start":{"line":8,"column":15},"end":{"line":8,"column":66}},"7":{"start":{"line":9,"column":15},"end":{"line":9,"column":63}},"8":{"start":{"line":10,"column":22},"end":{"line":10,"column":77}},"9":{"start":{"line":11,"column":20},"end":{"line":11,"column":73}},"10":{"start":{"line":12,"column":16},"end":{"line":12,"column":65}},"11":{"start":{"line":13,"column":15},"end":{"line":13,"column":63}},"12":{"start":{"line":14,"column":23},"end":{"line":14,"column":79}},"13":{"start":{"line":16,"column":22},"end":{"line":16,"column":77}},"14":{"start":{"line":17,"column":22},"end":{"line":17,"column":77}},"15":{"start":{"line":18,"column":22},"end":{"line":18,"column":77}},"16":{"start":{"line":20,"column":27},"end":{"line":20,"column":86}},"17":{"start":{"line":21,"column":27},"end":{"line":21,"column":86}},"18":{"start":{"line":22,"column":27},"end":{"line":22,"column":79}},"19":{"start":{"line":23,"column":24},"end":{"line":23,"column":80}},"20":{"start":{"line":25,"column":20},"end":{"line":25,"column":72}},"21":{"start":{"line":26,"column":18},"end":{"line":26,"column":68}},"22":{"start":{"line":27,"column":23},"end":{"line":27,"column":77}},"23":{"start":{"line":29,"column":25},"end":{"line":29,"column":85}},"24":{"start":{"line":31,"column":23},"end":{"line":31,"column":81}},"25":{"start":{"line":32,"column":23},"end":{"line":32,"column":81}},"26":{"start":{"line":33,"column":23},"end":{"line":33,"column":81}},"27":{"start":{"line":35,"column":29},"end":{"line":35,"column":92}},"28":{"start":{"line":37,"column":16},"end":{"line":37,"column":61}},"29":{"start":{"line":38,"column":15},"end":{"line":38,"column":59}},"30":{"start":{"line":39,"column":18},"end":{"line":39,"column":65}},"31":{"start":{"line":40,"column":16},"end":{"line":40,"column":62}},"32":{"start":{"line":41,"column":17},"end":{"line":41,"column":63}},"33":{"start":{"line":42,"column":21},"end":{"line":42,"column":71}},"34":{"start":{"line":43,"column":23},"end":{"line":43,"column":75}},"35":{"start":{"line":45,"column":19},"end":{"line":45,"column":69}},"36":{"start":{"line":46,"column":18},"end":{"line":46,"column":67}},"37":{"start":{"line":47,"column":18},"end":{"line":47,"column":66}},"38":{"start":{"line":48,"column":20},"end":{"line":48,"column":70}},"39":{"start":{"line":50,"column":21},"end":{"line":50,"column":75}},"40":{"start":{"line":51,"column":19},"end":{"line":51,"column":71}},"41":{"start":{"line":53,"column":19},"end":{"line":53,"column":69}},"42":{"start":{"line":57,"column":0},"end":{"line":57,"column":34}},"43":{"start":{"line":60,"column":0},"end":{"line":60,"column":64}},"44":{"start":{"line":63,"column":0},"end":{"line":63,"column":67}},"45":{"start":{"line":66,"column":0},"end":{"line":68,"column":22}},"46":{"start":{"line":67,"column":2},"end":{"line":67,"column":61}},"47":{"start":{"line":71,"column":0},"end":{"line":71,"column":35}},"48":{"start":{"line":74,"column":0},"end":{"line":76,"column":21}},"49":{"start":{"line":75,"column":2},"end":{"line":75,"column":61}},"50":{"start":{"line":79,"column":0},"end":{"line":81,"column":28}},"51":{"start":{"line":80,"column":2},"end":{"line":80,"column":61}},"52":{"start":{"line":84,"column":0},"end":{"line":86,"column":27}},"53":{"start":{"line":85,"column":2},"end":{"line":85,"column":61}},"54":{"start":{"line":89,"column":0},"end":{"line":91,"column":29}},"55":{"start":{"line":90,"column":2},"end":{"line":90,"column":61}},"56":{"start":{"line":94,"column":0},"end":{"line":96,"column":23}},"57":{"start":{"line":95,"column":2},"end":{"line":95,"column":61}},"58":{"start":{"line":99,"column":0},"end":{"line":101,"column":28}},"59":{"start":{"line":100,"column":2},"end":{"line":100,"column":61}},"60":{"start":{"line":104,"column":0},"end":{"line":106,"column":33}},"61":{"start":{"line":105,"column":2},"end":{"line":105,"column":61}},"62":{"start":{"line":109,"column":0},"end":{"line":111,"column":29}},"63":{"start":{"line":110,"column":2},"end":{"line":110,"column":61}},"64":{"start":{"line":114,"column":0},"end":{"line":116,"column":29}},"65":{"start":{"line":115,"column":2},"end":{"line":115,"column":61}},"66":{"start":{"line":119,"column":0},"end":{"line":121,"column":33}},"67":{"start":{"line":120,"column":2},"end":{"line":120,"column":61}},"68":{"start":{"line":124,"column":0},"end":{"line":126,"column":27}},"69":{"start":{"line":125,"column":2},"end":{"line":125,"column":61}},"70":{"start":{"line":129,"column":0},"end":{"line":131,"column":25}},"71":{"start":{"line":130,"column":2},"end":{"line":130,"column":61}},"72":{"start":{"line":134,"column":0},"end":{"line":136,"column":30}},"73":{"start":{"line":135,"column":2},"end":{"line":135,"column":61}},"74":{"start":{"line":144,"column":0},"end":{"line":146,"column":28}},"75":{"start":{"line":145,"column":2},"end":{"line":145,"column":61}},"76":{"start":{"line":149,"column":0},"end":{"line":151,"column":21}},"77":{"start":{"line":150,"column":2},"end":{"line":150,"column":61}},"78":{"start":{"line":154,"column":0},"end":{"line":156,"column":28}},"79":{"start":{"line":155,"column":2},"end":{"line":155,"column":61}},"80":{"start":{"line":159,"column":0},"end":{"line":161,"column":33}},"81":{"start":{"line":160,"column":2},"end":{"line":160,"column":61}},"82":{"start":{"line":164,"column":0},"end":{"line":166,"column":29}},"83":{"start":{"line":165,"column":2},"end":{"line":165,"column":61}},"84":{"start":{"line":169,"column":0},"end":{"line":169,"column":66}},"85":{"start":{"line":172,"column":0},"end":{"line":174,"column":22}},"86":{"start":{"line":173,"column":2},"end":{"line":173,"column":61}},"87":{"start":{"line":177,"column":0},"end":{"line":177,"column":41}},"88":{"start":{"line":180,"column":0},"end":{"line":182,"column":23}},"89":{"start":{"line":181,"column":2},"end":{"line":181,"column":61}},"90":{"start":{"line":185,"column":0},"end":{"line":187,"column":27}},"91":{"start":{"line":186,"column":2},"end":{"line":186,"column":61}},"92":{"start":{"line":190,"column":0},"end":{"line":192,"column":29}},"93":{"start":{"line":191,"column":2},"end":{"line":191,"column":61}},"94":{"start":{"line":195,"column":0},"end":{"line":197,"column":24}},"95":{"start":{"line":196,"column":2},"end":{"line":196,"column":61}},"96":{"start":{"line":200,"column":0},"end":{"line":202,"column":22}},"97":{"start":{"line":201,"column":2},"end":{"line":201,"column":61}},"98":{"start":{"line":205,"column":0},"end":{"line":207,"column":25}},"99":{"start":{"line":206,"column":2},"end":{"line":206,"column":61}},"100":{"start":{"line":210,"column":0},"end":{"line":212,"column":24}},"101":{"start":{"line":211,"column":2},"end":{"line":211,"column":61}},"102":{"start":{"line":215,"column":0},"end":{"line":217,"column":24}},"103":{"start":{"line":216,"column":2},"end":{"line":216,"column":61}},"104":{"start":{"line":220,"column":0},"end":{"line":222,"column":26}},"105":{"start":{"line":221,"column":2},"end":{"line":221,"column":61}},"106":{"start":{"line":225,"column":0},"end":{"line":227,"column":27}},"107":{"start":{"line":226,"column":2},"end":{"line":226,"column":61}},"108":{"start":{"line":230,"column":0},"end":{"line":232,"column":25}},"109":{"start":{"line":231,"column":2},"end":{"line":231,"column":61}},"110":{"start":{"line":235,"column":0},"end":{"line":235,"column":50}},"111":{"start":{"line":237,"column":0},"end":{"line":237,"column":24}}},"fnMap":{"0":{"name":"(anonymous_0)","decl":{"start":{"line":66,"column":19},"end":{"line":66,"column":20}},"loc":{"start":{"line":66,"column":39},"end":{"line":68,"column":1}},"line":66},"1":{"name":"(anonymous_1)","decl":{"start":{"line":74,"column":21},"end":{"line":74,"column":22}},"loc":{"start":{"line":74,"column":41},"end":{"line":76,"column":1}},"line":74},"2":{"name":"(anonymous_2)","decl":{"start":{"line":79,"column":29},"end":{"line":79,"column":30}},"loc":{"start":{"line":79,"column":49},"end":{"line":81,"column":1}},"line":79},"3":{"name":"(anonymous_3)","decl":{"start":{"line":84,"column":33},"end":{"line":84,"column":34}},"loc":{"start":{"line":84,"column":53},"end":{"line":86,"column":1}},"line":84},"4":{"name":"(anonymous_4)","decl":{"start":{"line":89,"column":36},"end":{"line":89,"column":37}},"loc":{"start":{"line":89,"column":55},"end":{"line":91,"column":1}},"line":89},"5":{"name":"(anonymous_5)","decl":{"start":{"line":94,"column":77},"end":{"line":94,"column":78}},"loc":{"start":{"line":94,"column":97},"end":{"line":96,"column":1}},"line":94},"6":{"name":"(anonymous_6)","decl":{"start":{"line":99,"column":35},"end":{"line":99,"column":36}},"loc":{"start":{"line":99,"column":55},"end":{"line":101,"column":1}},"line":99},"7":{"name":"(anonymous_7)","decl":{"start":{"line":104,"column":40},"end":{"line":104,"column":41}},"loc":{"start":{"line":104,"column":60},"end":{"line":106,"column":1}},"line":104},"8":{"name":"(anonymous_8)","decl":{"start":{"line":109,"column":36},"end":{"line":109,"column":37}},"loc":{"start":{"line":109,"column":56},"end":{"line":111,"column":1}},"line":109},"9":{"name":"(anonymous_9)","decl":{"start":{"line":114,"column":36},"end":{"line":114,"column":37}},"loc":{"start":{"line":114,"column":56},"end":{"line":116,"column":1}},"line":114},"10":{"name":"(anonymous_10)","decl":{"start":{"line":119,"column":40},"end":{"line":119,"column":41}},"loc":{"start":{"line":119,"column":60},"end":{"line":121,"column":1}},"line":119},"11":{"name":"(anonymous_11)","decl":{"start":{"line":124,"column":73},"end":{"line":124,"column":74}},"loc":{"start":{"line":124,"column":93},"end":{"line":126,"column":1}},"line":124},"12":{"name":"(anonymous_12)","decl":{"start":{"line":129,"column":71},"end":{"line":129,"column":72}},"loc":{"start":{"line":129,"column":91},"end":{"line":131,"column":1}},"line":129},"13":{"name":"(anonymous_13)","decl":{"start":{"line":134,"column":76},"end":{"line":134,"column":77}},"loc":{"start":{"line":134,"column":96},"end":{"line":136,"column":1}},"line":134},"14":{"name":"(anonymous_14)","decl":{"start":{"line":144,"column":35},"end":{"line":144,"column":36}},"loc":{"start":{"line":144,"column":55},"end":{"line":146,"column":1}},"line":144},"15":{"name":"(anonymous_15)","decl":{"start":{"line":149,"column":22},"end":{"line":149,"column":23}},"loc":{"start":{"line":149,"column":42},"end":{"line":151,"column":1}},"line":149},"16":{"name":"(anonymous_16)","decl":{"start":{"line":154,"column":36},"end":{"line":154,"column":37}},"loc":{"start":{"line":154,"column":56},"end":{"line":156,"column":1}},"line":154},"17":{"name":"(anonymous_17)","decl":{"start":{"line":159,"column":41},"end":{"line":159,"column":42}},"loc":{"start":{"line":159,"column":61},"end":{"line":161,"column":1}},"line":159},"18":{"name":"(anonymous_18)","decl":{"start":{"line":164,"column":37},"end":{"line":164,"column":38}},"loc":{"start":{"line":164,"column":57},"end":{"line":166,"column":1}},"line":164},"19":{"name":"(anonymous_19)","decl":{"start":{"line":172,"column":28},"end":{"line":172,"column":29}},"loc":{"start":{"line":172,"column":48},"end":{"line":174,"column":1}},"line":172},"20":{"name":"(anonymous_20)","decl":{"start":{"line":180,"column":29},"end":{"line":180,"column":30}},"loc":{"start":{"line":180,"column":49},"end":{"line":182,"column":1}},"line":180},"21":{"name":"(anonymous_21)","decl":{"start":{"line":185,"column":33},"end":{"line":185,"column":34}},"loc":{"start":{"line":185,"column":53},"end":{"line":187,"column":1}},"line":185},"22":{"name":"(anonymous_22)","decl":{"start":{"line":190,"column":35},"end":{"line":190,"column":36}},"loc":{"start":{"line":190,"column":55},"end":{"line":192,"column":1}},"line":190},"23":{"name":"(anonymous_23)","decl":{"start":{"line":195,"column":32},"end":{"line":195,"column":33}},"loc":{"start":{"line":195,"column":52},"end":{"line":197,"column":1}},"line":195},"24":{"name":"(anonymous_24)","decl":{"start":{"line":200,"column":28},"end":{"line":200,"column":29}},"loc":{"start":{"line":200,"column":48},"end":{"line":202,"column":1}},"line":200},"25":{"name":"(anonymous_25)","decl":{"start":{"line":205,"column":28},"end":{"line":205,"column":29}},"loc":{"start":{"line":205,"column":48},"end":{"line":207,"column":1}},"line":205},"26":{"name":"(anonymous_26)","decl":{"start":{"line":210,"column":29},"end":{"line":210,"column":30}},"loc":{"start":{"line":210,"column":49},"end":{"line":212,"column":1}},"line":210},"27":{"name":"(anonymous_27)","decl":{"start":{"line":215,"column":30},"end":{"line":215,"column":31}},"loc":{"start":{"line":215,"column":50},"end":{"line":217,"column":1}},"line":215},"28":{"name":"(anonymous_28)","decl":{"start":{"line":220,"column":32},"end":{"line":220,"column":33}},"loc":{"start":{"line":220,"column":52},"end":{"line":222,"column":1}},"line":220},"29":{"name":"(anonymous_29)","decl":{"start":{"line":225,"column":33},"end":{"line":225,"column":34}},"loc":{"start":{"line":225,"column":53},"end":{"line":227,"column":1}},"line":225},"30":{"name":"(anonymous_30)","decl":{"start":{"line":230,"column":31},"end":{"line":230,"column":32}},"loc":{"start":{"line":230,"column":51},"end":{"line":232,"column":1}},"line":230}},"branchMap":{},"s":{"0":1,"1":1,"2":1,"3":1,"4":1,"5":1,"6":1,"7":1,"8":1,"9":1,"10":1,"11":1,"12":1,"13":1,"14":1,"15":1,"16":1,"17":1,"18":1,"19":1,"20":1,"21":1,"22":1,"23":1,"24":1,"25":1,"26":1,"27":1,"28":1,"29":1,"30":1,"31":1,"32":1,"33":1,"34":1,"35":1,"36":1,"37":1,"38":1,"39":1,"40":1,"41":1,"42":1,"43":1,"44":1,"45":1,"46":0,"47":1,"48":1,"49":0,"50":1,"51":0,"52":1,"53":0,"54":1,"55":0,"56":1,"57":0,"58":1,"59":0,"60":1,"61":0,"62":1,"63":0,"64":1,"65":0,"66":1,"67":0,"68":1,"69":0,"70":1,"71":0,"72":1,"73":0,"74":1,"75":0,"76":1,"77":0,"78":1,"79":0,"80":1,"81":0,"82":1,"83":0,"84":1,"85":1,"86":0,"87":1,"88":1,"89":0,"90":1,"91":0,"92":1,"93":0,"94":1,"95":0,"96":1,"97":0,"98":1,"99":0,"100":1,"101":0,"102":1,"103":0,"104":1,"105":0,"106":1,"107":0,"108":1,"109":0,"110":1,"111":1},"f":{"0":0,"1":0,"2":0,"3":0,"4":0,"5":0,"6":0,"7":0,"8":0,"9":0,"10":0,"11":0,"12":0,"13":0,"14":0,"15":0,"16":0,"17":0,"18":0,"19":0,"20":0,"21":0,"22":0,"23":0,"24":0,"25":0,"26":0,"27":0,"28":0,"29":0,"30":0},"b":{},"_coverageSchema":"1a1c01bbd47fc00a2c39e90264f33305004495a9","hash":"e42eea5065909fcf6407e8aa8d49e3fcea32711f","contentHash":"c9e278e644d2af68962853ab94b4359648f632c7d7b4dab8b5c6c78a55633f9c"},"/home/kaushik/Documents/October/UdemyClone/Backend/controllers/courses/general/getAll.js":{"path":"/home/kaushik/Documents/October/UdemyClone/Backend/controllers/courses/general/getAll.js","statementMap":{"0":{"start":{"line":1,"column":16},"end":{"line":1,"column":50}},"1":{"start":{"line":4,"column":4},"end":{"line":9,"column":5}},"2":{"start":{"line":5,"column":24},"end":{"line":5,"column":44}},"3":{"start":{"line":6,"column":8},"end":{"line":6,"column":25}},"4":{"start":{"line":8,"column":8},"end":{"line":8,"column":54}},"5":{"start":{"line":11,"column":0},"end":{"line":11,"column":31}}},"fnMap":{"0":{"name":"controller","decl":{"start":{"line":3,"column":15},"end":{"line":3,"column":25}},"loc":{"start":{"line":3,"column":36},"end":{"line":10,"column":1}},"line":3}},"branchMap":{},"s":{"0":1,"1":0,"2":0,"3":0,"4":0,"5":1},"f":{"0":0},"b":{},"_coverageSchema":"1a1c01bbd47fc00a2c39e90264f33305004495a9","hash":"1ef05b6264e587554c3bc3203d7229d9f264e586","contentHash":"720e77fb1a01a675025ad28f7df71c56ca36d0195d7fb94edceb555152de9bf9"},"/home/kaushik/Documents/October/UdemyClone/Backend/controllers/courses/general/getOne.js":{"path":"/home/kaushik/Documents/October/UdemyClone/Backend/controllers/courses/general/getOne.js","statementMap":{"0":{"start":{"line":4,"column":4},"end":{"line":17,"column":5}},"1":{"start":{"line":13,"column":8},"end":{"line":13,"column":40}},"2":{"start":{"line":16,"column":8},"end":{"line":16,"column":55}},"3":{"start":{"line":20,"column":0},"end":{"line":20,"column":29}}},"fnMap":{"0":{"name":"controller","decl":{"start":{"line":1,"column":15},"end":{"line":1,"column":25}},"loc":{"start":{"line":1,"column":36},"end":{"line":18,"column":1}},"line":1}},"branchMap":{},"s":{"0":0,"1":0,"2":0,"3":1},"f":{"0":0},"b":{},"_coverageSchema":"1a1c01bbd47fc00a2c39e90264f33305004495a9","hash":"3ec5f5fe85f328fb9107f37cb0565f32a7d850e1","contentHash":"34eb973ca3ec59bdfe433bee6afe032107952ac293f126f5fcc7114ab47c767e"},"/home/kaushik/Documents/October/UdemyClone/Backend/controllers/courses/general/createNew.js":{"path":"/home/kaushik/Documents/October/UdemyClone/Backend/controllers/courses/general/createNew.js","statementMap":{"0":{"start":{"line":1,"column":15},"end":{"line":1,"column":49}},"1":{"start":{"line":2,"column":19},"end":{"line":2,"column":56}},"2":{"start":{"line":3,"column":14},"end":{"line":3,"column":30}},"3":{"start":{"line":4,"column":15},"end":{"line":4,"column":63}},"4":{"start":{"line":12,"column":4},"end":{"line":98,"column":5}},"5":{"start":{"line":14,"column":17},"end":{"line":14,"column":68}},"6":{"start":{"line":15,"column":29},"end":{"line":15,"column":109}},"7":{"start":{"line":19,"column":8},"end":{"line":82,"column":9}},"8":{"start":{"line":22,"column":12},"end":{"line":22,"column":70}},"9":{"start":{"line":26,"column":12},"end":{"line":81,"column":13}},"10":{"start":{"line":27,"column":32},"end":{"line":31,"column":18}},"11":{"start":{"line":32,"column":36},"end":{"line":36,"column":19}},"12":{"start":{"line":37,"column":30},"end":{"line":37,"column":69}},"13":{"start":{"line":42,"column":34},"end":{"line":59,"column":18}},"14":{"start":{"line":61,"column":35},"end":{"line":61,"column":57}},"15":{"start":{"line":63,"column":16},"end":{"line":71,"column":18}},"16":{"start":{"line":73,"column":16},"end":{"line":73,"column":88}},"17":{"start":{"line":74,"column":16},"end":{"line":74,"column":76}},"18":{"start":{"line":79,"column":16},"end":{"line":79,"column":33}},"19":{"start":{"line":80,"column":16},"end":{"line":80,"column":63}},"20":{"start":{"line":87,"column":27},"end":{"line":87,"column":74}},"21":{"start":{"line":88,"column":8},"end":{"line":88,"column":66}},"22":{"start":{"line":88,"column":28},"end":{"line":88,"column":66}},"23":{"start":{"line":89,"column":8},"end":{"line":89,"column":108}},"24":{"start":{"line":89,"column":38},"end":{"line":89,"column":108}},"25":{"start":{"line":90,"column":8},"end":{"line":90,"column":75}},"26":{"start":{"line":90,"column":31},"end":{"line":90,"column":75}},"27":{"start":{"line":91,"column":8},"end":{"line":91,"column":49}},"28":{"start":{"line":93,"column":8},"end":{"line":97,"column":38}},"29":{"start":{"line":94,"column":12},"end":{"line":94,"column":40}},"30":{"start":{"line":95,"column":12},"end":{"line":95,"column":63}},"31":{"start":{"line":96,"column":12},"end":{"line":96,"column":86}},"32":{"start":{"line":97,"column":20},"end":{"line":97,"column":37}},"33":{"start":{"line":101,"column":0},"end":{"line":101,"column":31}}},"fnMap":{"0":{"name":"controller","decl":{"start":{"line":7,"column":15},"end":{"line":7,"column":25}},"loc":{"start":{"line":7,"column":36},"end":{"line":99,"column":1}},"line":7}},"branchMap":{"0":{"loc":{"start":{"line":12,"column":4},"end":{"line":98,"column":5}},"type":"if","locations":[{"start":{"line":12,"column":4},"end":{"line":98,"column":5}},{"start":{"line":12,"column":4},"end":{"line":98,"column":5}}],"line":12},"1":{"loc":{"start":{"line":19,"column":8},"end":{"line":82,"column":9}},"type":"if","locations":[{"start":{"line":19,"column":8},"end":{"line":82,"column":9}},{"start":{"line":19,"column":8},"end":{"line":82,"column":9}}],"line":19},"2":{"loc":{"start":{"line":88,"column":8},"end":{"line":88,"column":66}},"type":"if","locations":[{"start":{"line":88,"column":8},"end":{"line":88,"column":66}},{"start":{"line":88,"column":8},"end":{"line":88,"column":66}}],"line":88},"3":{"loc":{"start":{"line":89,"column":8},"end":{"line":89,"column":108}},"type":"if","locations":[{"start":{"line":89,"column":8},"end":{"line":89,"column":108}},{"start":{"line":89,"column":8},"end":{"line":89,"column":108}}],"line":89},"4":{"loc":{"start":{"line":90,"column":8},"end":{"line":90,"column":75}},"type":"if","locations":[{"start":{"line":90,"column":8},"end":{"line":90,"column":75}},{"start":{"line":90,"column":8},"end":{"line":90,"column":75}}],"line":90}},"s":{"0":1,"1":1,"2":1,"3":1,"4":0,"5":0,"6":0,"7":0,"8":0,"9":0,"10":0,"11":0,"12":0,"13":0,"14":0,"15":0,"16":0,"17":0,"18":0,"19":0,"20":0,"21":0,"22":0,"23":0,"24":0,"25":0,"26":0,"27":0,"28":0,"29":0,"30":0,"31":0,"32":0,"33":1},"f":{"0":0},"b":{"0":[0,0],"1":[0,0],"2":[0,0],"3":[0,0],"4":[0,0]},"_coverageSchema":"1a1c01bbd47fc00a2c39e90264f33305004495a9","hash":"fc5fe278341942545003975da4f5682bf01aabce","contentHash":"329c6db2ec56c40f641ae83384d9e9573a8e5912732a3cc8423c5f5c1354732e"},"/home/kaushik/Documents/October/UdemyClone/Backend/controllers/courses/general/update.js":{"path":"/home/kaushik/Documents/October/UdemyClone/Backend/controllers/courses/general/update.js","statementMap":{"0":{"start":{"line":1,"column":16},"end":{"line":1,"column":50}},"1":{"start":{"line":2,"column":14},"end":{"line":2,"column":30}},"2":{"start":{"line":10,"column":4},"end":{"line":12,"column":5}},"3":{"start":{"line":11,"column":8},"end":{"line":11,"column":42}},"4":{"start":{"line":13,"column":4},"end":{"line":15,"column":5}},"5":{"start":{"line":14,"column":8},"end":{"line":14,"column":48}},"6":{"start":{"line":16,"column":4},"end":{"line":23,"column":5}},"7":{"start":{"line":17,"column":8},"end":{"line":17,"column":27}},"8":{"start":{"line":18,"column":8},"end":{"line":20,"column":10}},"9":{"start":{"line":22,"column":8},"end":{"line":22,"column":62}},"10":{"start":{"line":26,"column":0},"end":{"line":26,"column":31}}},"fnMap":{"0":{"name":"controller","decl":{"start":{"line":4,"column":15},"end":{"line":4,"column":25}},"loc":{"start":{"line":4,"column":36},"end":{"line":24,"column":1}},"line":4}},"branchMap":{"0":{"loc":{"start":{"line":10,"column":4},"end":{"line":12,"column":5}},"type":"if","locations":[{"start":{"line":10,"column":4},"end":{"line":12,"column":5}},{"start":{"line":10,"column":4},"end":{"line":12,"column":5}}],"line":10},"1":{"loc":{"start":{"line":13,"column":4},"end":{"line":15,"column":5}},"type":"if","locations":[{"start":{"line":13,"column":4},"end":{"line":15,"column":5}},{"start":{"line":13,"column":4},"end":{"line":15,"column":5}}],"line":13}},"s":{"0":1,"1":1,"2":0,"3":0,"4":0,"5":0,"6":0,"7":0,"8":0,"9":0,"10":1},"f":{"0":0},"b":{"0":[0,0],"1":[0,0]},"_coverageSchema":"1a1c01bbd47fc00a2c39e90264f33305004495a9","hash":"e6c4d8d5bdadb9eeee8415a680649f18de114473","contentHash":"e352a01f4d60914717c7cb8cc079a17a7c88a4442f3124d3d7a6d16f44279b3e"},"/home/kaushik/Documents/October/UdemyClone/Backend/controllers/courses/general/updatePricing.js":{"path":"/home/kaushik/Documents/October/UdemyClone/Backend/controllers/courses/general/updatePricing.js","statementMap":{"0":{"start":{"line":1,"column":16},"end":{"line":1,"column":50}},"1":{"start":{"line":2,"column":14},"end":{"line":2,"column":30}},"2":{"start":{"line":3,"column":15},"end":{"line":3,"column":63}},"3":{"start":{"line":11,"column":4},"end":{"line":38,"column":68}},"4":{"start":{"line":13,"column":28},"end":{"line":17,"column":9}},"5":{"start":{"line":18,"column":22},"end":{"line":18,"column":61}},"6":{"start":{"line":20,"column":8},"end":{"line":20,"column":57}},"7":{"start":{"line":21,"column":8},"end":{"line":21,"column":45}},"8":{"start":{"line":22,"column":8},"end":{"line":22,"column":60}},"9":{"start":{"line":23,"column":8},"end":{"line":23,"column":63}},"10":{"start":{"line":24,"column":8},"end":{"line":24,"column":69}},"11":{"start":{"line":25,"column":8},"end":{"line":25,"column":67}},"12":{"start":{"line":26,"column":8},"end":{"line":26,"column":45}},"13":{"start":{"line":28,"column":8},"end":{"line":36,"column":9}},"14":{"start":{"line":29,"column":12},"end":{"line":29,"
[...]
":0,"56":0,"57":1},"f":{"0":2,"1":1,"2":1,"3":1,"4":1,"5":2,"6":2,"7":24,"8":2,"9":2,"10":24},"b":{"0":[0,1],"1":[2,0]},"_coverageSchema":"1a1c01bbd47fc00a2c39e90264f33305004495a9","hash":"9310284c430951a951abad4533fd8a5b6ba866b5","contentHash":"1012e6f2c0bd5edd39158a034d1d05f39f987054fcc401e177bd337933e27927"},"/home/kaushik/Documents/October/UdemyClone/Backend/controllers/admin/courses/publishCourse.js":{"path":"/home/kaushik/Documents/October/UdemyClone/Backend/controllers/admin/courses/publishCourse.js","statementMap":{"0":{"start":{"line":1,"column":16},"end":{"line":1,"column":50}},"1":{"start":{"line":5,"column":4},"end":{"line":12,"column":5}},"2":{"start":{"line":6,"column":8},"end":{"line":11,"column":38}},"3":{"start":{"line":7,"column":27},"end":{"line":7,"column":72}},"4":{"start":{"line":8,"column":12},"end":{"line":8,"column":40}},"5":{"start":{"line":9,"column":12},"end":{"line":9,"column":26}},"6":{"start":{"line":10,"column":12},"end":{"line":10,"column":46}},"7":{"start":{"line":11,"column":20},"end":{"line":11,"column":37}},"8":{"start":{"line":15,"column":0},"end":{"line":15,"column":29}}},"fnMap":{"0":{"name":"controller","decl":{"start":{"line":3,"column":15},"end":{"line":3,"column":25}},"loc":{"start":{"line":3,"column":36},"end":{"line":13,"column":1}},"line":3}},"branchMap":{"0":{"loc":{"start":{"line":5,"column":4},"end":{"line":12,"column":5}},"type":"if","locations":[{"start":{"line":5,"column":4},"end":{"line":12,"column":5}},{"start":{"line":5,"column":4},"end":{"line":12,"column":5}}],"line":5}},"s":{"0":1,"1":1,"2":1,"3":1,"4":1,"5":1,"6":1,"7":0,"8":1},"f":{"0":1},"b":{"0":[1,0]},"_coverageSchema":"1a1c01bbd47fc00a2c39e90264f33305004495a9","hash":"e8f87bfde86f1b0161cfc0275b9368bbbb065913","contentHash":"a1b13688c8c14c19eff123625e396607f4367e6e1528aab8111c8356582d3a8f"},"/home/kaushik/Documents/October/UdemyClone/Backend/controllers/admin/courses/publishedCourses.js":{"path":"/home/kaushik/Documents/October/UdemyClone/Backend/controllers/admin/courses/publishedCourses.js","statementMap":{"0":{"start":{"line":1,"column":16},"end":{"line":1,"column":50}},"1":{"start":{"line":2,"column":20},"end":{"line":2,"column":57}},"2":{"start":{"line":5,"column":4},"end":{"line":16,"column":67}},"3":{"start":{"line":6,"column":19},"end":{"line":6,"column":69}},"4":{"start":{"line":8,"column":8},"end":{"line":12,"column":9}},"5":{"start":{"line":8,"column":21},"end":{"line":8,"column":22}},"6":{"start":{"line":9,"column":24},"end":{"line":9,"column":78}},"7":{"start":{"line":10,"column":12},"end":{"line":10,"column":46}},"8":{"start":{"line":14,"column":8},"end":{"line":15,"column":33}},"9":{"start":{"line":14,"column":25},"end":{"line":14,"column":52}},"10":{"start":{"line":15,"column":13},"end":{"line":15,"column":33}},"11":{"start":{"line":16,"column":20},"end":{"line":16,"column":39}},"12":{"start":{"line":16,"column":40},"end":{"line":16,"column":65}},"13":{"start":{"line":19,"column":0},"end":{"line":19,"column":32}}},"fnMap":{"0":{"name":"controller","decl":{"start":{"line":4,"column":15},"end":{"line":4,"column":25}},"loc":{"start":{"line":4,"column":36},"end":{"line":17,"column":1}},"line":4}},"branchMap":{"0":{"loc":{"start":{"line":14,"column":8},"end":{"line":15,"column":33}},"type":"if","locations":[{"start":{"line":14,"column":8},"end":{"line":15,"column":33}},{"start":{"line":14,"column":8},"end":{"line":15,"column":33}}],"line":14}},"s":{"0":1,"1":1,"2":2,"3":2,"4":2,"5":2,"6":1,"7":1,"8":2,"9":1,"10":1,"11":0,"12":0,"13":1},"f":{"0":2},"b":{"0":[1,1]},"_coverageSchema":"1a1c01bbd47fc00a2c39e90264f33305004495a9","hash":"27698936d85fc6445c4adf6f2ee0b5fadfc4fe0e","contentHash":"aa578884048c15d0db43d6e148a0713b5f9ea3f8944d14fd773382d02d4ff4af"},"/home/kaushik/Documents/October/UdemyClone/Backend/controllers/admin/courses/unpublishedCourses.js":{"path":"/home/kaushik/Documents/October/UdemyClone/Backend/controllers/admin/courses/unpublishedCourses.js","statementMap":{"0":{"start":{"line":1,"column":16},"end":{"line":1,"column":50}},"1":{"start":{"line":2,"column":20},"end":{"line":2,"column":57}},"2":{"start":{"line":5,"column":4},"end":{"line":16,"column":67}},"3":{"start":{"line":6,"column":19},"end":{"line":6,"column":89}},"4":{"start":{"line":8,"column":8},"end":{"line":12,"column":9}},"5":{"start":{"line":8,"column":21},"end":{"line":8,"column":22}},"6":{"start":{"line":9,"column":24},"end":{"line":9,"column":78}},"7":{"start":{"line":10,"column":12},"end":{"line":10,"column":46}},"8":{"start":{"line":14,"column":8},"end":{"line":15,"column":33}},"9":{"start":{"line":14,"column":25},"end":{"line":14,"column":52}},"10":{"start":{"line":15,"column":13},"end":{"line":15,"column":33}},"11":{"start":{"line":16,"column":20},"end":{"line":16,"column":39}},"12":{"start":{"line":16,"column":40},"end":{"line":16,"column":65}},"13":{"start":{"line":19,"column":0},"end":{"line":19,"column":32}}},"fnMap":{"0":{"name":"controller","decl":{"start":{"line":4,"column":15},"end":{"line":4,"column":25}},"loc":{"start":{"line":4,"column":36},"end":{"line":17,"column":1}},"line":4}},"branchMap":{"0":{"loc":{"start":{"line":14,"column":8},"end":{"line":15,"column":33}},"type":"if","locations":[{"start":{"line":14,"column":8},"end":{"line":15,"column":33}},{"start":{"line":14,"column":8},"end":{"line":15,"column":33}}],"line":14}},"s":{"0":1,"1":1,"2":2,"3":2,"4":2,"5":2,"6":1,"7":1,"8":2,"9":1,"10":1,"11":0,"12":0,"13":1},"f":{"0":2},"b":{"0":[1,1]},"_coverageSchema":"1a1c01bbd47fc00a2c39e90264f33305004495a9","hash":"ff3e6d803bd36fb7e219e498413759c15e1407f6","contentHash":"271d0599b740b21555841eefa7a436f84d5c6c0f0b0188c6d717a2631b4c53bf"},"/home/kaushik/Documents/October/UdemyClone/Backend/controllers/admin/courses/allCourses.js":{"path":"/home/kaushik/Documents/October/UdemyClone/Backend/controllers/admin/courses/allCourses.js","statementMap":{"0":{"start":{"line":1,"column":16},"end":{"line":1,"column":50}},"1":{"start":{"line":2,"column":20},"end":{"line":2,"column":57}},"2":{"start":{"line":5,"column":4},"end":{"line":21,"column":5}},"3":{"start":{"line":7,"column":19},"end":{"line":7,"column":46}},"4":{"start":{"line":9,"column":8},"end":{"line":13,"column":9}},"5":{"start":{"line":9,"column":21},"end":{"line":9,"column":22}},"6":{"start":{"line":10,"column":24},"end":{"line":10,"column":78}},"7":{"start":{"line":11,"column":12},"end":{"line":11,"column":46}},"8":{"start":{"line":15,"column":8},"end":{"line":16,"column":33}},"9":{"start":{"line":15,"column":25},"end":{"line":15,"column":52}},"10":{"start":{"line":16,"column":13},"end":{"line":16,"column":33}},"11":{"start":{"line":18,"column":8},"end":{"line":18,"column":27}},"12":{"start":{"line":19,"column":8},"end":{"line":19,"column":27}},"13":{"start":{"line":20,"column":8},"end":{"line":20,"column":45}},"14":{"start":{"line":24,"column":0},"end":{"line":24,"column":32}}},"fnMap":{"0":{"name":"controller","decl":{"start":{"line":4,"column":15},"end":{"line":4,"column":25}},"loc":{"start":{"line":4,"column":36},"end":{"line":22,"column":1}},"line":4}},"branchMap":{"0":{"loc":{"start":{"line":15,"column":8},"end":{"line":16,"column":33}},"type":"if","locations":[{"start":{"line":15,"column":8},"end":{"line":16,"column":33}},{"start":{"line":15,"column":8},"end":{"line":16,"column":33}}],"line":15}},"s":{"0":1,"1":1,"2":2,"3":2,"4":2,"5":2,"6":1,"7":1,"8":2,"9":1,"10":1,"11":0,"12":0,"13":0,"14":1},"f":{"0":2},"b":{"0":[1,1]},"_coverageSchema":"1a1c01bbd47fc00a2c39e90264f33305004495a9","hash":"9930dc395dd0b768a3ede30c07e038b177582207","contentHash":"1741798b23c0858e8cdac683b8880a6ad72caa91898eab936121ed5c2dd132a1"},"/home/kaushik/Documents/October/UdemyClone/Backend/controllers/admin/instructors/pcInstructors.js":{"path":"/home/kaushik/Documents/October/UdemyClone/Backend/controllers/admin/instructors/pcInstructors.js","statementMap":{"0":{"start":{"line":1,"column":16},"end":{"line":1,"column":50}},"1":{"start":{"line":2,"column":20},"end":{"line":2,"column":57}},"2":{"start":{"line":6,"column":4},"end":{"line":24,"column":67}},"3":{"start":{"line":7,"column":19},"end":{"line":11,"column":17}},"4":{"start":{"line":12,"column":24},"end":{"line":12,"column":44}},"5":{"start":{"line":14,"column":8},"end":{"line":20,"column":9}},"6":{"start":{"line":14,"column":21},"end":{"line":14,"column":22}},"7":{"start":{"line":15,"column":23},"end":{"line":15,"column":148}},"8":{"start":{"line":15,"column":50},"end":{"line":15,"column":147}},"9":{"start":{"line":19,"column":12},"end":{"line":19,"column":48}},"10":{"start":{"line":22,"column":8},"end":{"line":23,"column":33}},"11":{"start":{"line":22,"column":25},"end":{"line":22,"column":52}},"12":{"start":{"line":23,"column":13},"end":{"line":23,"column":33}},"13":{"start":{"line":24,"column":20},"end":{"line":24,"column":39}},"14":{"start":{"line":24,"column":40},"end":{"line":24,"column":65}},"15":{"start":{"line":27,"column":0},"end":{"line":27,"column":32}}},"fnMap":{"0":{"name":"controller","decl":{"start":{"line":4,"column":15},"end":{"line":4,"column":25}},"loc":{"start":{"line":4,"column":36},"end":{"line":25,"column":1}},"line":4},"1":{"name":"(anonymous_1)","decl":{"start":{"line":15,"column":38},"end":{"line":15,"column":39}},"loc":{"start":{"line":15,"column":50},"end":{"line":15,"column":147}},"line":15}},"branchMap":{"0":{"loc":{"start":{"line":15,"column":50},"end":{"line":15,"column":147}},"type":"binary-expr","locations":[{"start":{"line":15,"column":50},"end":{"line":15,"column":114}},{"start":{"line":15,"column":118},"end":{"line":15,"column":147}}],"line":15},"1":{"loc":{"start":{"line":22,"column":8},"end":{"line":23,"column":33}},"type":"if","locations":[{"start":{"line":22,"column":8},"end":{"line":23,"column":33}},{"start":{"line":22,"column":8},"end":{"line":23,"column":33}}],"line":22}},"s":{"0":1,"1":1,"2":2,"3":2,"4":2,"5":2,"6":2,"7":1,"8":1,"9":1,"10":2,"11":1,"12":1,"13":0,"14":0,"15":1},"f":{"0":2,"1":1},"b":{"0":[1,1],"1":[1,1]},"_coverageSchema":"1a1c01bbd47fc00a2c39e90264f33305004495a9","hash":"b95c64e47eda8b50c3871dbf3a15f9b863507cb7","contentHash":"f43f64333c35b83fad1fa4c8f0ab1eadf2202a47093d6839f650a29cbbb0b159"},"/home/kaushik/Documents/October/UdemyClone/Backend/controllers/admin/instructors/upcInstructors.js":{"path":"/home/kaushik/Documents/October/UdemyClone/Backend/controllers/admin/instructors/upcInstructors.js","statementMap":{"0":{"start":{"line":1,"column":16},"end":{"line":1,"column":50}},"1":{"start":{"line":2,"column":20},"end":{"line":2,"column":57}},"2":{"start":{"line":6,"column":4},"end":{"line":19,"column":67}},"3":{"start":{"line":7,"column":19},"end":{"line":11,"column":17}},"4":{"start":{"line":13,"column":8},"end":{"line":15,"column":9}},"5":{"start":{"line":13,"column":21},"end":{"line":13,"column":22}},"6":{"start":{"line":14,"column":12},"end":{"line":14,"column":64}},"7":{"start":{"line":17,"column":8},"end":{"line":18,"column":33}},"8":{"start":{"line":17,"column":25},"end":{"line":17,"column":52}},"9":{"start":{"line":18,"column":13},"end":{"line":18,"column":33}},"10":{"start":{"line":19,"column":20},"end":{"line":19,"column":39}},"11":{"start":{"line":19,"column":40},"end":{"line":19,"column":65}},"12":{"start":{"line":22,"column":0},"end":{"line":22,"column":32}}},"fnMap":{"0":{"name":"controller","decl":{"start":{"line":4,"column":15},"end":{"line":4,"column":25}},"loc":{"start":{"line":4,"column":36},"end":{"line":20,"column":1}},"line":4}},"branchMap":{"0":{"loc":{"start":{"line":17,"column":8},"end":{"line":18,"column":33}},"type":"if","locations":[{"start":{"line":17,"column":8},"end":{"line":18,"column":33}},{"start":{"line":17,"column":8},"end":{"line":18,"column":33}}],"line":17}},"s":{"0":1,"1":1,"2":2,"3":2,"4":2,"5":2,"6":1,"7":2,"8":1,"9":1,"10":0,"11":0,"12":1},"f":{"0":2},"b":{"0":[1,1]},"_coverageSchema":"1a1c01bbd47fc00a2c39e90264f33305004495a9","hash":"86298d78eabeda5e8cc971e8d7b35e9c5d05dca2","contentHash":"75ec7a438493876a73b1d6e4b269279e54eabb9c8c882418d608ff741457ed6c"},"/home/kaushik/Documents/October/UdemyClone/Backend/controllers/admin/instructors/allInstructors.js":{"path":"/home/kaushik/Documents/October/UdemyClone/Backend/controllers/admin/instructors/allInstructors.js","statementMap":{"0":{"start":{"line":1,"column":16},"end":{"line":1,"column":50}},"1":{"start":{"line":2,"column":20},"end":{"line":2,"column":57}},"2":{"start":{"line":6,"column":4},"end":{"line":21,"column":67}},"3":{"start":{"line":7,"column":17},"end":{"line":7,"column":48}},"4":{"start":{"line":9,"column":24},"end":{"line":9,"column":44}},"5":{"start":{"line":11,"column":8},"end":{"line":17,"column":9}},"6":{"start":{"line":11,"column":21},"end":{"line":11,"column":22}},"7":{"start":{"line":12,"column":23},"end":{"line":12,"column":148}},"8":{"start":{"line":12,"column":50},"end":{"line":12,"column":147}},"9":{"start":{"line":13,"column":22},"end":{"line":13,"column":148}},"10":{"start":{"line":13,"column":49},"end":{"line":13,"column":147}},"11":{"start":{"line":15,"column":12},"end":{"line":15,"column":50}},"12":{"start":{"line":16,"column":12},"end":{"line":16,"column":48}},"13":{"start":{"line":19,"column":8},"end":{"line":20,"column":33}},"14":{"start":{"line":19,"column":25},"end":{"line":19,"column":52}},"15":{"start":{"line":20,"column":13},"end":{"line":20,"column":33}},"16":{"start":{"line":21,"column":20},"end":{"line":21,"column":39}},"17":{"start":{"line":21,"column":40},"end":{"line":21,"column":65}},"18":{"start":{"line":24,"column":0},"end":{"line":24,"column":32}}},"fnMap":{"0":{"name":"controller","decl":{"start":{"line":4,"column":15},"end":{"line":4,"column":25}},"loc":{"start":{"line":4,"column":36},"end":{"line":22,"column":1}},"line":4},"1":{"name":"(anonymous_1)","decl":{"start":{"line":12,"column":38},"end":{"line":12,"column":39}},"loc":{"start":{"line":12,"column":50},"end":{"line":12,"column":147}},"line":12},"2":{"name":"(anonymous_2)","decl":{"start":{"line":13,"column":37},"end":{"line":13,"column":38}},"loc":{"start":{"line":13,"column":49},"end":{"line":13,"column":147}},"line":13}},"branchMap":{"0":{"loc":{"start":{"line":12,"column":50},"end":{"line":12,"column":147}},"type":"binary-expr","locations":[{"start":{"line":12,"column":50},"end":{"line":12,"column":114}},{"start":{"line":12,"column":118},"end":{"line":12,"column":147}}],"line":12},"1":{"loc":{"start":{"line":13,"column":49},"end":{"line":13,"column":147}},"type":"binary-expr","locations":[{"start":{"line":13,"column":49},"end":{"line":13,"column":114}},{"start":{"line":13,"column":118},"end":{"line":13,"column":147}}],"line":13},"2":{"loc":{"start":{"line":19,"column":8},"end":{"line":20,"column":33}},"type":"if","locations":[{"start":{"line":19,"column":8},"end":{"line":20,"column":33}},{"start":{"line":19,"column":8},"end":{"line":20,"column":33}}],"line":19}},"s":{"0":1,"1":1,"2":2,"3":2,"4":2,"5":2,"6":2,"7":2,"8":2,"9":2,"10":2,"11":2,"12":2,"13":2,"14":1,"15":1,"16":0,"17":0,"18":1},"f":{"0":2,"1":2,"2":2},"b":{"0":[2,1],"1":[2,1],"2":[1,1]},"_coverageSchema":"1a1c01bbd47fc00a2c39e90264f33305004495a9","hash":"be1b14261c2f0c88b9d3fe0811a77bc77aea79dc","contentHash":"b1db5fb24bc9812a1704bf252c40deb359fe9fedf0a100fad9713f82fecafe60"},"/home/kaushik/Documents/October/UdemyClone/Backend/controllers/admin/students/pcStudents.js":{"path":"/home/kaushik/Documents/October/UdemyClone/Backend/controllers/admin/students/pcStudents.js","statementMap":{"0":{"start":{"line":1,"column":16},"end":{"line":1,"column":50}},"1":{"start":{"line":2,"column":17},"end":{"line":2,"column":51}},"2":{"start":{"line":7,"column":4},"end":{"line":16,"column":67}},"3":{"start":{"line":8,"column":19},"end":{"line":12,"column":17}},"4":{"start":{"line":14,"column":8},"end":{"line":15,"column":33}},"5":{"start":{"line":14,"column":25},"end":{"line":14,"column":52}},"6":{"start":{"line":15,"column":13},"end":{"line":15,"column":33}},"7":{"start":{"line":16,"column":20},"end":{"line":16,"column":39}},"8":{"start":{"line":16,"column":40},"end":{"line":16,"column":65}},"9":{"start":{"line":19,"column":0},"end":{"line":19,"column":32}}},"fnMap":{"0":{"name":"controller","decl":{"start":{"line":4,"column":15},"end":{"line":4,"column":25}},"loc":{"start":{"line":4,"column":36},"end":{"line":17,"column":1}},"line":4}},"branchMap":{"0":{"loc":{"start":{"line":14,"column":8},"end":{"line":15,"column":33}},"type":"if","locations":[{"start":{"line":14,"column":8},"end":{"line":15,"column":33}},{"start":{"line":14,"column":8},"end":{"line":15,"column":33}}],"line":14}},"s":{"0":1,"1":1,"2":2,"3":2,"4":2,"5":1,"6":1,"7":0,"8":0,"9":1},"f":{"0":2},"b":{"0":[1,1]},"_coverageSchema":"1a1c01bbd47fc00a2c39e90264f33305004495a9","hash":"6f005cfaac624870f3b8fe4c512a4de9bec5b1a7","contentHash":"ebcb86eee861018f153f71cadb50502fa13abdc5752790e19d59e81fda04735e"},"/home/kaushik/Documents/October/UdemyClone/Backend/controllers/admin/students/upcStudents.js":{"path":"/home/kaushik/Documents/October/UdemyClone/Backend/controllers/admin/students/upcStudents.js","statementMap":{"0":{"start":{"line":1,"column":16},"end":{"line":1,"column":50}},"1":{"start":{"line":2,"column":17},"end":{"line":2,"column":51}},"2":{"start":{"line":7,"column":4},"end":{"line":16,"column":67}},"3":{"start":{"line":8,"column":19},"end":{"line":12,"column":17}},"4":{"start":{"line":14,"column":8},"end":{"line":15,"column":33}},"5":{"start":{"line":14,"column":25},"end":{"line":14,"column":52}},"6":{"start":{"line":15,"column":13},"end":{"line":15,"column":33}},"7":{"start":{"line":16,"column":20},"end":{"line":16,"column":39}},"8":{"start":{"line":16,"column":40},"end":{"line":16,"column":65}},"9":{"start":{"line":19,"column":0},"end":{"line":19,"column":32}}},"fnMap":{"0":{"name":"controller","decl":{"start":{"line":4,"column":15},"end":{"line":4,"column":25}},"loc":{"start":{"line":4,"column":36},"end":{"line":17,"column":1}},"line":4}},"branchMap":{"0":{"loc":{"start":{"line":14,"column":8},"end":{"line":15,"column":33}},"type":"if","locations":[{"start":{"line":14,"column":8},"end":{"line":15,"column":33}},{"start":{"line":14,"column":8},"end":{"line":15,"column":33}}],"line":14}},"s":{"0":1,"1":1,"2":2,"3":2,"4":2,"5":1,"6":1,"7":0,"8":0,"9":1},"f":{"0":2},"b":{"0":[1,1]},"_coverageSchema":"1a1c01bbd47fc00a2c39e90264f33305004495a9","hash":"28d21c37a9eee33be48c7947d201444f33b4baf2","contentHash":"64ce2e64aea6094874a2f058465b5a4a7065ca8fe2bed0f69bf1b29328da930f"},"/home/kaushik/Documents/October/UdemyClone/Backend/controllers/admin/students/allStudents.js":{"path":"/home/kaushik/Documents/October/UdemyClone/Backend/controllers/admin/students/allStudents.js","statementMap":{"0":{"start":{"line":1,"column":16},"end":{"line":1,"column":50}},"1":{"start":{"line":2,"column":17},"end":{"line":2,"column":51}},"2":{"start":{"line":6,"column":4},"end":{"line":10,"column":67}},"3":{"start":{"line":7,"column":19},"end":{"line":7,"column":47}},"4":{"start":{"line":8,"column":8},"end":{"line":9,"column":33}},"5":{"start":{"line":8,"column":25},"end":{"line":8,"column":52}},"6":{"start":{"line":9,"column":13},"end":{"line":9,"column":33}},"7":{"start":{"line":10,"column":20},"end":{"line":10,"column":39}},"8":{"start":{"line":10,"column":40},"end":{"line":10,"column":65}},"9":{"start":{"line":13,"column":0},"end":{"line":13,"column":32}}},"fnMap":{"0":{"name":"controller","decl":{"start":{"line":4,"column":15},"end":{"line":4,"column":25}},"loc":{"start":{"line":4,"column":36},"end":{"line":11,"column":1}},"line":4}},"branchMap":{"0":{"loc":{"start":{"line":8,"column":8},"end":{"line":9,"column":33}},"type":"if","locations":[{"start":{"line":8,"column":8},"end":{"line":9,"column":33}},{"start":{"line":8,"column":8},"end":{"line":9,"column":33}}],"line":8}},"s":{"0":1,"1":1,"2":2,"3":2,"4":2,"5":1,"6":1,"7":0,"8":0,"9":1},"f":{"0":2},"b":{"0":[1,1]},"_coverageSchema":"1a1c01bbd47fc00a2c39e90264f33305004495a9","hash":"c57ef7c4ce038544fc4c07f13b58b4f1538c0891","contentHash":"cd81e8b1e07e6e78a7769f8acd5c3aa00844f7875fabb6f1b43d8061e2731872"}}